Release 14.7 - platgen Xilinx EDK 14.7 Build EDK_P.20131013
 (lin64)
Copyright (c) 1995-2013 Xilinx, Inc.  All rights reserved.

Command Line: platgen -p xc7z020clg484-1 -lang vhdl -intstyle default -msg
__xps/ise/xmsgprops.lst system.mhs 

Parse /home/benedikt/hardware_project/ZedBoard_OOB_Design/hw/xps_proj/system.mhs
...

Read MPD definitions ...
WARNING:EDK:4092 - IPNAME: clock_generator, INSTANCE: clock_generator_0 -
   Pre-Production version not verified on hardware for architecture 'zynq' -
   /home/benedikt/hardware_project/ZedBoard_OOB_Design/hw/xps_proj/system.mhs
   line 187 
WARNING:EDK:4088 - IPNAME: axi_dma, INSTANCE: axi_dma_0 - Superseded core for
   architecture 'zynq' -
   /home/benedikt/hardware_project/ZedBoard_OOB_Design/hw/xps_proj/system.mhs
   line 291 
WARNING:EDK:4092 - IPNAME: clock_generator, INSTANCE: clock_generator_0 -
   Pre-Production version not verified on hardware for architecture 'zynq' -
   /home/benedikt/hardware_project/ZedBoard_OOB_Design/hw/xps_proj/system.mhs
   line 187 
WARNING:EDK:4088 - IPNAME: axi_dma, INSTANCE: axi_dma_0 - Superseded core for
   architecture 'zynq' -
   /home/benedikt/hardware_project/ZedBoard_OOB_Design/hw/xps_proj/system.mhs
   line 291 

Overriding IP level properties ...
INFO:EDK:4130 - IPNAME: processing_system7, INSTANCE:processing_system7_0 - tcl
   is overriding PARAMETER C_S_AXI_HP1_HIGHADDR value to 0x1FFFFFFF -
   /opt/Xilinx/14.7/ISE_DS/EDK/hw/XilinxProcessorIPLib/pcores/processing_system7
   _v4_03_a/data/processing_system7_v2_1_0.mpd line 304 
INFO:EDK:4130 - IPNAME: processing_system7, INSTANCE:processing_system7_0 - tcl
   is overriding PARAMETER C_S_AXI_HP3_HIGHADDR value to 0x1FFFFFFF -
   /opt/Xilinx/14.7/ISE_DS/EDK/hw/XilinxProcessorIPLib/pcores/processing_system7
   _v4_03_a/data/processing_system7_v2_1_0.mpd line 312 
INFO:EDK:4130 - IPNAME: processing_system7, INSTANCE:processing_system7_0 - tcl
   is overriding PARAMETER C_NUM_F2P_INTR_INPUTS value to 4 -
   /opt/Xilinx/14.7/ISE_DS/EDK/hw/XilinxProcessorIPLib/pcores/processing_system7
   _v4_03_a/data/processing_system7_v2_1_0.mpd line 319 
INFO:EDK:4130 - IPNAME: axi_interconnect, INSTANCE:axi_interconnect_2 - tcl is
   overriding PARAMETER C_BASEFAMILY value to zynq -
   /opt/Xilinx/14.7/ISE_DS/EDK/hw/XilinxProcessorIPLib/pcores/axi_interconnect_v
   1_06_a/data/axi_interconnect_v2_1_0.mpd line 81 
INFO:EDK:4130 - IPNAME: axi_interconnect, INSTANCE:axi_interconnect_1 - tcl is
   overriding PARAMETER C_BASEFAMILY value to zynq -
   /opt/Xilinx/14.7/ISE_DS/EDK/hw/XilinxProcessorIPLib/pcores/axi_interconnect_v
   1_06_a/data/axi_interconnect_v2_1_0.mpd line 81 
INFO:EDK:4130 - IPNAME: axi_interconnect, INSTANCE:axi_interconnect_0 - tcl is
   overriding PARAMETER C_BASEFAMILY value to zynq -
   /opt/Xilinx/14.7/ISE_DS/EDK/hw/XilinxProcessorIPLib/pcores/axi_interconnect_v
   1_06_a/data/axi_interconnect_v2_1_0.mpd line 81 

Computing clock values...
INFO:EDK:1432 - Frequency for Top-Level Input Clock
   'processing_system7_0_PS_CLK_pin' is not specified. Clock DRCs will not be
   performed for IPs connected to that clock port, unless they are connected
   through the clock generator IP. 

INFO:EDK:740 - Cannot determine the input clock associated with port :
   axi_clkgen_0:clk. Clock DRCs will not be performed on this core and cores
   connected to it. 

Performing IP level DRCs on properties...

Running DRC Tcl procedures for OPTION IPLEVEL_DRC_PROC...
INFO:EDK - INFO: DDR Base and High address in current configuration is
   0x00000000 and 0x1FFFFFFF respectively. 
INFO:EDK - INFO: You can modify the DDR address range accessed by Programmable
   Logic through the processing_system7 AXI slave interfaces. If MicroBlaze is a
   master on processing_system7 AXI slave interfaces, please use the top half of
   the address range (Base Address = 0x10000000; High Address = 0x1FFFFFFF). For
   all other master, any subset of the DDR address can be used. See Xilinx
   Answer 47167 for more information. 
Address Map for Processor processing_system7_0
  (0x40400000-0x4040ffff) axi_dma_0	axi_interconnect_0
  (0x41600000-0x4160ffff) axi_iic_0	axi_interconnect_0
  (0x43000000-0x4300ffff) axi_vdma_0	axi_interconnect_0
  (0x70e00000-0x70e0ffff) axi_hdmi_tx_16b_0	axi_interconnect_0
  (0x75c00000-0x75c0ffff) axi_spdif_tx_0	axi_interconnect_0
  (0x79000000-0x7900ffff) axi_clkgen_0	axi_interconnect_0
  (0x7e400000-0x7e40ffff) myled_0	axi_interconnect_0

Checking platform address map ...

Checking platform configuration ...
IPNAME: axi_interconnect, INSTANCE: axi_interconnect_2 - 1 master(s) : 1
slave(s) 
IPNAME: axi_interconnect, INSTANCE: axi_interconnect_1 - 2 master(s) : 1
slave(s) 
IPNAME: axi_interconnect, INSTANCE: axi_interconnect_0 - 1 master(s) : 7
slave(s) 

Checking port drivers...
WARNING:EDK:4180 - PORT: ARESETN, CONNECTOR: axi_dma_0_M_AXIS_MM2S_ARESETN - No
   driver found. Port will be driven to GND -
   /home/benedikt/hardware_project/ZedBoard_OOB_Design/hw/xps_proj/pcores/axi_sp
   dif_tx_v1_00_a/data/axi_spdif_tx_v2_1_0.mpd line 63 
WARNING:EDK:4181 - PORT: FCLK_RESET0_N, CONNECTOR:
   processing_system7_0_FCLK_RESET0_N - floating connection -
   /home/benedikt/hardware_project/ZedBoard_OOB_Design/hw/xps_proj/system.mhs
   line 163 
WARNING:EDK:4181 - PORT: m_axis_mm2s_tuser, CONNECTOR:
   axi_vdma_0_M_AXIS_MM2S_TUSER - floating connection -
   /opt/Xilinx/14.7/ISE_DS/EDK/hw/XilinxProcessorIPLib/pcores/axi_vdma_v5_04_a/d
   ata/axi_vdma_v2_1_0.mpd line 212 
WARNING:EDK:4181 - PORT: s2mm_fsync_out, CONNECTOR: axi_vdma_0_s2mm_fsync_out -
   floating connection -
   /home/benedikt/hardware_project/ZedBoard_OOB_Design/hw/xps_proj/system.mhs
   line 214 
WARNING:EDK:4181 - PORT: Gpo, CONNECTOR: axi_iic_0_Gpo - floating connection -
   /home/benedikt/hardware_project/ZedBoard_OOB_Design/hw/xps_proj/system.mhs
   line 263 
WARNING:EDK:4181 - PORT: mm2s_prmry_reset_out_n, CONNECTOR: RESET_OUT_N -
   floating connection -
   /opt/Xilinx/14.7/ISE_DS/EDK/hw/XilinxProcessorIPLib/pcores/axi_dma_v5_00_a/da
   ta/axi_dma_v2_1_0.mpd line 212 
WARNING:EDK:4181 - PORT: mm2s_cntrl_reset_out_n, CONNECTOR: RESET_OUT_N -
   floating connection -
   /opt/Xilinx/14.7/ISE_DS/EDK/hw/XilinxProcessorIPLib/pcores/axi_dma_v5_00_a/da
   ta/axi_dma_v2_1_0.mpd line 218 
WARNING:EDK:4181 - PORT: s2mm_prmry_reset_out_n, CONNECTOR: RESET_OUT_N -
   floating connection -
   /opt/Xilinx/14.7/ISE_DS/EDK/hw/XilinxProcessorIPLib/pcores/axi_dma_v5_00_a/da
   ta/axi_dma_v2_1_0.mpd line 240 
WARNING:EDK:4181 - PORT: s2mm_sts_reset_out_n, CONNECTOR: RESET_OUT_N - floating
   connection -
   /opt/Xilinx/14.7/ISE_DS/EDK/hw/XilinxProcessorIPLib/pcores/axi_dma_v5_00_a/da
   ta/axi_dma_v2_1_0.mpd line 246 
WARNING:EDK:4181 - PORT: m_axis_mm2s_tkeep, CONNECTOR:
   axi_dma_0_M_AXIS_MM2S_TKEEP - floating connection -
   /opt/Xilinx/14.7/ISE_DS/EDK/hw/XilinxProcessorIPLib/pcores/axi_dma_v5_00_a/da
   ta/axi_dma_v2_1_0.mpd line 214 

Performing Clock DRCs...

Performing Reset DRCs...

Overriding system level properties...

INFO: Setting C_RANGE_CHECK = OFF for axi_interconnect axi_interconnect_2; no
DECERR checking will be performed.
INFO:EDK:4130 - IPNAME: axi_interconnect, INSTANCE:axi_interconnect_2 - tcl is
   overriding PARAMETER C_RANGE_CHECK value to 0 -
   /opt/Xilinx/14.7/ISE_DS/EDK/hw/XilinxProcessorIPLib/pcores/axi_interconnect_v
   1_06_a/data/axi_interconnect_v2_1_0.mpd line 149 

INFO: Setting C_RANGE_CHECK = OFF for axi_interconnect axi_interconnect_1; no
DECERR checking will be performed.
INFO:EDK:4130 - IPNAME: axi_interconnect, INSTANCE:axi_interconnect_1 - tcl is
   overriding PARAMETER C_RANGE_CHECK value to 0 -
   /opt/Xilinx/14.7/ISE_DS/EDK/hw/XilinxProcessorIPLib/pcores/axi_interconnect_v
   1_06_a/data/axi_interconnect_v2_1_0.mpd line 149 

INFO: Setting C_RANGE_CHECK = ON for axi_interconnect axi_interconnect_0.
INFO:EDK:4130 - IPNAME: axi_interconnect, INSTANCE:axi_interconnect_0 - tcl is
   overriding PARAMETER C_RANGE_CHECK value to 1 -
   /opt/Xilinx/14.7/ISE_DS/EDK/hw/XilinxProcessorIPLib/pcores/axi_interconnect_v
   1_06_a/data/axi_interconnect_v2_1_0.mpd line 149 

Running system level update procedures...

Running UPDATE Tcl procedures for OPTION SYSLEVEL_UPDATE_PROC...

Running system level DRCs...

Performing System level DRCs on properties...

Running DRC Tcl procedures for OPTION SYSLEVEL_DRC_PROC...

Running UPDATE Tcl procedures for OPTION PLATGEN_SYSLEVEL_UPDATE_PROC...
INFO: No asynchronous clock conversions in axi_interconnect axi_interconnect_2.
INFO: No asynchronous clock conversions in axi_interconnect axi_interconnect_1.
INFO: No asynchronous clock conversions in axi_interconnect axi_interconnect_0.

Modify defaults ...

Creating stub ...

Processing licensed instances ...
Completion time: 0.00 seconds

Creating hardware output directories ...

Managing hardware (BBD-specified) netlist files ...
IPNAME:vga_flyinglogo INSTANCE:vga_flyinglogo_0 -
/home/benedikt/hardware_project/ZedBoard_OOB_Design/hw/xps_proj/system.mhs line
45 - Copying (BBD-specified) netlist files.

Managing cache ...

Elaborating instances ...
IPNAME:clock_generator INSTANCE:clock_generator_0 -
/home/benedikt/hardware_project/ZedBoard_OOB_Design/hw/xps_proj/system.mhs line
187 - elaborating IP
ClkGen elaborate status: PASSED
----------------------------------------
----------------------------------------

Writing HDL for elaborated instances ...

Inserting wrapper level ...
Completion time: 1.00 seconds

Constructing platform-level connectivity ...
Completion time: 0.00 seconds

Writing (top-level) BMM ...

Writing (top-level and wrappers) HDL ...

Generating synthesis project file ...

Running XST synthesis ...

INFO:EDK:4211 - The following instances are synthesized with XST. The MPD option
   IMP_NETLIST=TRUE indicates that a NGC file is to be produced using XST
   synthesis. IMP_NETLIST=FALSE (default) instances are not synthesized. 
INSTANCE:vga_flyinglogo_0 -
/home/benedikt/hardware_project/ZedBoard_OOB_Design/hw/xps_proj/system.mhs line
45 - Running XST synthesis
INSTANCE:util_vector_logic_0 -
/home/benedikt/hardware_project/ZedBoard_OOB_Design/hw/xps_proj/system.mhs line
56 - Running XST synthesis
INSTANCE:processing_system7_0 -
/home/benedikt/hardware_project/ZedBoard_OOB_Design/hw/xps_proj/system.mhs line
65 - Running XST synthesis
INSTANCE:myled_0 -
/home/benedikt/hardware_project/ZedBoard_OOB_Design/hw/xps_proj/system.mhs line
177 - Running XST synthesis
INSTANCE:clock_generator_0 -
/home/benedikt/hardware_project/ZedBoard_OOB_Design/hw/xps_proj/system.mhs line
187 - Running XST synthesis
INSTANCE:axi_vdma_0 -
/home/benedikt/hardware_project/ZedBoard_OOB_Design/hw/xps_proj/system.mhs line
197 - Running XST synthesis
INSTANCE:axi_spdif_tx_0 -
/home/benedikt/hardware_project/ZedBoard_OOB_Design/hw/xps_proj/system.mhs line
222 - Running XST synthesis
INSTANCE:axi_interconnect_2 -
/home/benedikt/hardware_project/ZedBoard_OOB_Design/hw/xps_proj/system.mhs line
235 - Running XST synthesis
INSTANCE:axi_interconnect_1 -
/home/benedikt/hardware_project/ZedBoard_OOB_Design/hw/xps_proj/system.mhs line
242 - Running XST synthesis
INSTANCE:axi_interconnect_0 -
/home/benedikt/hardware_project/ZedBoard_OOB_Design/hw/xps_proj/system.mhs line
249 - Running XST synthesis
INSTANCE:axi_iic_0 -
/home/benedikt/hardware_project/ZedBoard_OOB_Design/hw/xps_proj/system.mhs line
257 - Running XST synthesis
INSTANCE:axi_hdmi_tx_16b_0 -
/home/benedikt/hardware_project/ZedBoard_OOB_Design/hw/xps_proj/system.mhs line
270 - Running XST synthesis
INSTANCE:axi_dma_0 -
/home/benedikt/hardware_project/ZedBoard_OOB_Design/hw/xps_proj/system.mhs line
291 - Running XST synthesis
INSTANCE:axi_clkgen_0 -
/home/benedikt/hardware_project/ZedBoard_OOB_Design/hw/xps_proj/system.mhs line
310 - Running XST synthesis

Running NGCBUILD ...
IPNAME:system_vga_flyinglogo_0_wrapper INSTANCE:vga_flyinglogo_0 -
/home/benedikt/hardware_project/ZedBoard_OOB_Design/hw/xps_proj/system.mhs line
45 - Running NGCBUILD
IPNAME:system_clock_generator_0_wrapper INSTANCE:clock_generator_0 -
/home/benedikt/hardware_project/ZedBoard_OOB_Design/hw/xps_proj/system.mhs line
187 - Running NGCBUILD
IPNAME:system_axi_vdma_0_wrapper INSTANCE:axi_vdma_0 -
/home/benedikt/hardware_project/ZedBoard_OOB_Design/hw/xps_proj/system.mhs line
197 - Running NGCBUILD
IPNAME:system_axi_interconnect_2_wrapper INSTANCE:axi_interconnect_2 -
/home/benedikt/hardware_project/ZedBoard_OOB_Design/hw/xps_proj/system.mhs line
235 - Running NGCBUILD
IPNAME:system_axi_interconnect_1_wrapper INSTANCE:axi_interconnect_1 -
/home/benedikt/hardware_project/ZedBoard_OOB_Design/hw/xps_proj/system.mhs line
242 - Running NGCBUILD
IPNAME:system_axi_interconnect_0_wrapper INSTANCE:axi_interconnect_0 -
/home/benedikt/hardware_project/ZedBoard_OOB_Design/hw/xps_proj/system.mhs line
249 - Running NGCBUILD
IPNAME:system_axi_dma_0_wrapper INSTANCE:axi_dma_0 -
/home/benedikt/hardware_project/ZedBoard_OOB_Design/hw/xps_proj/system.mhs line
291 - Running NGCBUILD
INFO:EDK:3509 - NCF files should not be modified as they will be regenerated.
   If any constraint needs to be overridden, this should be done by modifying
   the data/system.ucf file.

Rebuilding cache ...

Total run time: 770.00 seconds
