Release 14.7 Xflow P.20131013 (lin64)
Copyright (c) 1995-2013 Xilinx, Inc.  All rights reserved.
xflow -wd implementation -p xc7z020clg484-1 -implement xflow.opt system.ngc  
PMSPEC -- Overriding Xilinx file
</opt/Xilinx/14.7/ISE_DS/EDK/zynq/data/zynq.acd> with local file
</opt/Xilinx/14.7/ISE_DS/ISE/zynq/data/zynq.acd>
.... Copying flowfile /opt/Xilinx/14.7/ISE_DS/ISE/xilinx/data/fpga.flw into
working directory
/home/benedikt/hardware_project/ZedBoard_OOB_Design/hw/xps_proj/implementation 

Using Flow File:
/home/benedikt/hardware_project/ZedBoard_OOB_Design/hw/xps_proj/implementation/f
pga.flw 
Using Option File(s): 
 /home/benedikt/hardware_project/ZedBoard_OOB_Design/hw/xps_proj/implementation/
xflow.opt 

Creating Script File ... 

#----------------------------------------------#
# Starting program ngdbuild
# ngdbuild -p xc7z020clg484-1 -nt timestamp -bm system.bmm
"/home/benedikt/hardware_project/ZedBoard_OOB_Design/hw/xps_proj/implementation/
system.ngc" -uc system.ucf system.ngd 
#----------------------------------------------#
Release 14.7 - ngdbuild P.20131013 (lin64)
Copyright (c) 1995-2013 Xilinx, Inc.  All rights reserved.
PMSPEC -- Overriding Xilinx file
</opt/Xilinx/14.7/ISE_DS/EDK/zynq/data/zynq.acd> with local file
</opt/Xilinx/14.7/ISE_DS/ISE/zynq/data/zynq.acd>

Command Line: /opt/Xilinx/14.7/ISE_DS/ISE/bin/lin64/unwrapped/ngdbuild -p
xc7z020clg484-1 -nt timestamp -bm system.bmm
/home/benedikt/hardware_project/ZedBoard_OOB_Design/hw/xps_proj/implementation/s
ystem.ngc -uc system.ucf system.ngd

Reading NGO file
"/home/benedikt/hardware_project/ZedBoard_OOB_Design/hw/xps_proj/implementation/
system.ngc" ...
Loading design module
"/home/benedikt/hardware_project/ZedBoard_OOB_Design/hw/xps_proj/implementation/
system_processing_system7_0_wrapper.ngc"...
Loading design module
"/home/benedikt/hardware_project/ZedBoard_OOB_Design/hw/xps_proj/implementation/
system_util_vector_logic_0_wrapper.ngc"...
Loading design module
"/home/benedikt/hardware_project/ZedBoard_OOB_Design/hw/xps_proj/implementation/
system_axi_interconnect_0_wrapper.ngc"...
Loading design module
"/home/benedikt/hardware_project/ZedBoard_OOB_Design/hw/xps_proj/implementation/
system_axi_interconnect_1_wrapper.ngc"...
Loading design module
"/home/benedikt/hardware_project/ZedBoard_OOB_Design/hw/xps_proj/implementation/
system_axi_interconnect_2_wrapper.ngc"...
Loading design module
"/home/benedikt/hardware_project/ZedBoard_OOB_Design/hw/xps_proj/implementation/
system_vga_flyinglogo_0_wrapper.ngc"...
Loading design module
"/home/benedikt/hardware_project/ZedBoard_OOB_Design/hw/xps_proj/implementation/
system_axi_clkgen_0_wrapper.ngc"...
Loading design module
"/home/benedikt/hardware_project/ZedBoard_OOB_Design/hw/xps_proj/implementation/
system_clock_generator_0_wrapper.ngc"...
Loading design module
"/home/benedikt/hardware_project/ZedBoard_OOB_Design/hw/xps_proj/implementation/
system_axi_vdma_0_wrapper.ngc"...
Loading design module
"/home/benedikt/hardware_project/ZedBoard_OOB_Design/hw/xps_proj/implementation/
system_axi_hdmi_tx_16b_0_wrapper.ngc"...
Loading design module
"/home/benedikt/hardware_project/ZedBoard_OOB_Design/hw/xps_proj/implementation/
system_axi_spdif_tx_0_wrapper.ngc"...
Loading design module
"/home/benedikt/hardware_project/ZedBoard_OOB_Design/hw/xps_proj/implementation/
system_myled_0_wrapper.ngc"...
Loading design module
"/home/benedikt/hardware_project/ZedBoard_OOB_Design/hw/xps_proj/implementation/
system_axi_iic_0_wrapper.ngc"...
Loading design module
"/home/benedikt/hardware_project/ZedBoard_OOB_Design/hw/xps_proj/implementation/
system_axi_dma_0_wrapper.ngc"...
Applying constraints in
"/home/benedikt/hardware_project/ZedBoard_OOB_Design/hw/xps_proj/implementation/
system_processing_system7_0_wrapper.ncf" to module "processing_system7_0"...
Checking Constraint Associations...
Applying constraints in
"/home/benedikt/hardware_project/ZedBoard_OOB_Design/hw/xps_proj/implementation/
system_axi_interconnect_0_wrapper.ncf" to module "axi_interconnect_0"...
Checking Constraint Associations...
Applying constraints in
"/home/benedikt/hardware_project/ZedBoard_OOB_Design/hw/xps_proj/implementation/
system_axi_interconnect_1_wrapper.ncf" to module "axi_interconnect_1"...
Checking Constraint Associations...
Applying constraints in
"/home/benedikt/hardware_project/ZedBoard_OOB_Design/hw/xps_proj/implementation/
system_axi_interconnect_2_wrapper.ncf" to module "axi_interconnect_2"...
Checking Constraint Associations...
Applying constraints in
"/home/benedikt/hardware_project/ZedBoard_OOB_Design/hw/xps_proj/implementation/
system_axi_vdma_0_wrapper.ncf" to module "axi_vdma_0"...
Checking Constraint Associations...
Applying constraints in
"/home/benedikt/hardware_project/ZedBoard_OOB_Design/hw/xps_proj/implementation/
system_axi_dma_0_wrapper.ncf" to module "axi_dma_0"...
Checking Constraint Associations...
Gathering constraint information from source properties...
Done.
INFO:NgdBuild:649 - Removing redundant 'IBUF' symbol
   'processing_system7_0_PS_PORB_pin_IBUF'.  All constraints associated with
   this symbol will be ignored.
INFO:NgdBuild:649 - Removing redundant 'IBUF' symbol
   'processing_system7_0_PS_CLK_pin_IBUF'.  All constraints associated with this
   symbol will be ignored.
INFO:NgdBuild:649 - Removing redundant 'IBUF' symbol
   'processing_system7_0_PS_SRSTB_pin_IBUF'.  All constraints associated with
   this symbol will be ignored.

Annotating constraints to design from ucf file "system.ucf" ...
Resolving constraint associations...
Checking Constraint Associations...
WARNING:ConstraintSystem:135 - Constraint <INST
   /system/EXPANDED/system/axi_vdma_0/axi_vdma_0\/GEN_SPRT_FOR_MM2S.MM2S_LINEBUF
   FER_I\/GEN_LINEBUF_FLUSH_SOF.GEN_FOR_ASYNC.ALL_LINES_XFRED_P_S_CDC_I\/Mmux_GE
   NERATE_LEVEL_P_S_CDC.s_level_out_d1_cd...>: No instances of type FFS were
   found under block
   "axi_vdma_0/axi_vdma_0/GEN_SPRT_FOR_MM2S.MM2S_LINEBUFFER_I/GEN_LINEBUF_FLUSH_
   SOF.GEN_FOR_ASYNC.ALL_LINES_XFRED_P_S_CDC_I/Mmux_GENERATE_LEVEL_P_S_CDC.s_lev
   el_out_d1_cdc_to_GND_618_o_MUX_710_o11" (type=LUT2).

WARNING:ConstraintSystem:135 - Constraint <INST
   /system/EXPANDED/system/axi_vdma_0/axi_vdma_0\/GEN_SPRT_FOR_MM2S.MM2S_LINEBUF
   FER_I\/GEN_LINEBUF_FLUSH_SOF.GEN_FOR_ASYNC.ALL_LINES_XFRED_P_S_CDC_I\/Mmux_GE
   NERATE_LEVEL_P_S_CDC.p_level_in_d1_cdc...>: No instances of type FFS were
   found under block
   "axi_vdma_0/axi_vdma_0/GEN_SPRT_FOR_MM2S.MM2S_LINEBUFFER_I/GEN_LINEBUF_FLUSH_
   SOF.GEN_FOR_ASYNC.ALL_LINES_XFRED_P_S_CDC_I/Mmux_GENERATE_LEVEL_P_S_CDC.p_lev
   el_in_d1_cdc_from_GND_618_o_MUX_709_o11" (type=LUT2).

WARNING:ConstraintSystem:135 - Constraint <INST
   /system/EXPANDED/system/axi_vdma_0/axi_vdma_0\/GEN_SPRT_FOR_MM2S.MM2S_LINEBUF
   FER_I\/GEN_LINEBUF_FLUSH_SOF.GEN_FOR_ASYNC.SHUTDOWN_RST_CDC_I\/Mmux_GENERATE_
   LEVEL_P_S_CDC.s_level_out_d1_cdc_to_GN...>: No instances of type FFS were
   found under block
   "axi_vdma_0/axi_vdma_0/GEN_SPRT_FOR_MM2S.MM2S_LINEBUFFER_I/GEN_LINEBUF_FLUSH_
   SOF.GEN_FOR_ASYNC.SHUTDOWN_RST_CDC_I/Mmux_GENERATE_LEVEL_P_S_CDC.s_level_out_
   d1_cdc_to_GND_618_o_MUX_710_o11" (type=LUT2).

WARNING:ConstraintSystem:135 - Constraint <INST
   /system/EXPANDED/system/axi_vdma_0/axi_vdma_0\/GEN_SPRT_FOR_MM2S.MM2S_LINEBUF
   FER_I\/GEN_LINEBUF_FLUSH_SOF.GEN_FOR_ASYNC.HALT_CDC_I\/Mmux_GENERATE_LEVEL_S_
   P_CDC.p_level_out_d1_cdc_to_GND_629_o_...>: No instances of type FFS were
   found under block
   "axi_vdma_0/axi_vdma_0/GEN_SPRT_FOR_MM2S.MM2S_LINEBUFFER_I/GEN_LINEBUF_FLUSH_
   SOF.GEN_FOR_ASYNC.HALT_CDC_I/Mmux_GENERATE_LEVEL_S_P_CDC.p_level_out_d1_cdc_t
   o_GND_629_o_MUX_713_o11" (type=LUT2).

WARNING:ConstraintSystem:135 - Constraint <INST
   /system/EXPANDED/system/axi_vdma_0/axi_vdma_0\/GEN_SPRT_FOR_MM2S.MM2S_LINEBUF
   FER_I\/GEN_LINEBUF_FLUSH_SOF.GEN_FOR_ASYNC.SHUTDOWN_RST_CDC_I\/Mmux_GENERATE_
   LEVEL_P_S_CDC.p_level_in_d1_cdc_from_G...>: No instances of type FFS were
   found under block
   "axi_vdma_0/axi_vdma_0/GEN_SPRT_FOR_MM2S.MM2S_LINEBUFFER_I/GEN_LINEBUF_FLUSH_
   SOF.GEN_FOR_ASYNC.SHUTDOWN_RST_CDC_I/Mmux_GENERATE_LEVEL_P_S_CDC.p_level_in_d
   1_cdc_from_GND_618_o_MUX_709_o11" (type=LUT2).

WARNING:ConstraintSystem:135 - Constraint <INST
   /system/EXPANDED/system/axi_vdma_0/axi_vdma_0\/GEN_SPRT_FOR_MM2S.MM2S_LINEBUF
   FER_I\/GEN_LINEBUF_FLUSH_SOF.GEN_FOR_ASYNC.HALT_CDC_I\/Mmux_GENERATE_LEVEL_S_
   P_CDC.s_level_in_d1_cdc_from_GND_629_o...>: No instances of type FFS were
   found under block
   "axi_vdma_0/axi_vdma_0/GEN_SPRT_FOR_MM2S.MM2S_LINEBUFFER_I/GEN_LINEBUF_FLUSH_
   SOF.GEN_FOR_ASYNC.HALT_CDC_I/Mmux_GENERATE_LEVEL_S_P_CDC.s_level_in_d1_cdc_fr
   om_GND_629_o_MUX_712_o11" (type=LUT2).

WARNING:ConstraintSystem:135 - Constraint <INST
   /system/EXPANDED/system/axi_vdma_0/axi_vdma_0\/GEN_SPRT_FOR_MM2S.MM2S_LINEBUF
   FER_I\/GEN_LINEBUF_FLUSH_SOF.GEN_FOR_ASYNC.MM2S_RUN_STOP_CDC_I\/Mmux_GENERATE
   _LEVEL_S_P_CDC.s_level_in_d1_cdc_from_...>: No instances of type FFS were
   found under block
   "axi_vdma_0/axi_vdma_0/GEN_SPRT_FOR_MM2S.MM2S_LINEBUFFER_I/GEN_LINEBUF_FLUSH_
   SOF.GEN_FOR_ASYNC.MM2S_RUN_STOP_CDC_I/Mmux_GENERATE_LEVEL_S_P_CDC.s_level_in_
   d1_cdc_from_GND_629_o_MUX_712_o11" (type=LUT2).

WARNING:ConstraintSystem:135 - Constraint <INST
   /system/EXPANDED/system/axi_vdma_0/axi_vdma_0\/GEN_SPRT_FOR_MM2S.MM2S_LINEBUF
   FER_I\/GEN_LINEBUF_FLUSH_SOF.GEN_FOR_ASYNC.MM2S_RUN_STOP_CDC_I\/Mmux_GENERATE
   _LEVEL_S_P_CDC.p_level_out_d1_cdc_to_G...>: No instances of type FFS were
   found under block
   "axi_vdma_0/axi_vdma_0/GEN_SPRT_FOR_MM2S.MM2S_LINEBUFFER_I/GEN_LINEBUF_FLUSH_
   SOF.GEN_FOR_ASYNC.MM2S_RUN_STOP_CDC_I/Mmux_GENERATE_LEVEL_S_P_CDC.p_level_out
   _d1_cdc_to_GND_629_o_MUX_713_o11" (type=LUT2).

WARNING:ConstraintSystem:135 - Constraint <INST
   /system/EXPANDED/system/axi_vdma_0/axi_vdma_0\/GEN_SPRT_FOR_MM2S.MM2S_LINEBUF
   FER_I\/GEN_LINEBUF_FLUSH_SOF.GEN_FOR_ASYNC.STOP_CDC_I\/Mmux_GENERATE_LEVEL_S_
   P_CDC.s_level_in_d1_cdc_from_GND_629_o...>: No instances of type FFS were
   found under block
   "axi_vdma_0/axi_vdma_0/GEN_SPRT_FOR_MM2S.MM2S_LINEBUFFER_I/GEN_LINEBUF_FLUSH_
   SOF.GEN_FOR_ASYNC.STOP_CDC_I/Mmux_GENERATE_LEVEL_S_P_CDC.s_level_in_d1_cdc_fr
   om_GND_629_o_MUX_712_o11" (type=LUT2).

WARNING:ConstraintSystem:135 - Constraint <INST
   /system/EXPANDED/system/axi_vdma_0/axi_vdma_0\/GEN_SPRT_FOR_MM2S.MM2S_LINEBUF
   FER_I\/GEN_LINEBUF_FLUSH_SOF.GEN_FOR_ASYNC.STOP_CDC_I\/Mmux_GENERATE_LEVEL_S_
   P_CDC.p_level_out_d1_cdc_to_GND_629_o_...>: No instances of type FFS were
   found under block
   "axi_vdma_0/axi_vdma_0/GEN_SPRT_FOR_MM2S.MM2S_LINEBUFFER_I/GEN_LINEBUF_FLUSH_
   SOF.GEN_FOR_ASYNC.STOP_CDC_I/Mmux_GENERATE_LEVEL_S_P_CDC.p_level_out_d1_cdc_t
   o_GND_629_o_MUX_713_o11" (type=LUT2).

WARNING:ConstraintSystem:135 - Constraint <INST
   /system/EXPANDED/system/axi_vdma_0/axi_vdma_0\/GEN_SPRT_FOR_MM2S.MM2S_LINEBUF
   FER_I\/GEN_LINEBUF_FLUSH_SOF.GEN_FOR_ASYNC.ALL_LINES_XFRED_S_P_CDC_I\/Mmux_GE
   NERATE_LEVEL_S_P_CDC.s_level_in_d1_cdc...>: No instances of type FFS were
   found under block
   "axi_vdma_0/axi_vdma_0/GEN_SPRT_FOR_MM2S.MM2S_LINEBUFFER_I/GEN_LINEBUF_FLUSH_
   SOF.GEN_FOR_ASYNC.ALL_LINES_XFRED_S_P_CDC_I/Mmux_GENERATE_LEVEL_S_P_CDC.s_lev
   el_in_d1_cdc_from_GND_629_o_MUX_712_o11" (type=LUT2).

WARNING:ConstraintSystem:135 - Constraint <INST
   /system/EXPANDED/system/axi_vdma_0/axi_vdma_0\/GEN_SPRT_FOR_MM2S.MM2S_LINEBUF
   FER_I\/GEN_LINEBUF_FLUSH_SOF.GEN_FOR_ASYNC.ALL_LINES_XFRED_S_P_CDC_I\/Mmux_GE
   NERATE_LEVEL_S_P_CDC.p_level_out_d1_cd...>: No instances of type FFS were
   found under block
   "axi_vdma_0/axi_vdma_0/GEN_SPRT_FOR_MM2S.MM2S_LINEBUFFER_I/GEN_LINEBUF_FLUSH_
   SOF.GEN_FOR_ASYNC.ALL_LINES_XFRED_S_P_CDC_I/Mmux_GENERATE_LEVEL_S_P_CDC.p_lev
   el_out_d1_cdc_to_GND_629_o_MUX_713_o11" (type=LUT2).

WARNING:ConstraintSystem:135 - Constraint <INST
   /system/EXPANDED/system/axi_vdma_0/axi_vdma_0\/GEN_SPRT_FOR_MM2S.MM2S_LINEBUF
   FER_I\/GEN_LINEBUF_FLUSH_SOF.GEN_FOR_ASYNC.MM2S_FSYNC_OUT_CDC_I_FLUSH_SOF\/Mm
   ux_GENERATE_PULSE_P_S_CDC_OPEN_ENDED.s...>: No instances of type FFS were
   found under block
   "axi_vdma_0/axi_vdma_0/GEN_SPRT_FOR_MM2S.MM2S_LINEBUFFER_I/GEN_LINEBUF_FLUSH_
   SOF.GEN_FOR_ASYNC.MM2S_FSYNC_OUT_CDC_I_FLUSH_SOF/Mmux_GENERATE_PULSE_P_S_CDC_
   OPEN_ENDED.s_out_d1_cdc_to_GND_70_o_MUX_51_o11" (type=LUT2).

WARNING:ConstraintSystem:135 - Constraint <INST
   /system/EXPANDED/system/axi_vdma_0/axi_vdma_0\/GEN_SPRT_FOR_MM2S.MM2S_LINEBUF
   FER_I\/GEN_LINEBUF_FLUSH_SOF.GEN_FOR_ASYNC.MM2S_FSYNC_OUT_CDC_I_FLUSH_SOF\/Mm
   ux_GENERATE_PULSE_P_S_CDC_OPEN_ENDED.p...>: No instances of type FFS were
   found under block
   "axi_vdma_0/axi_vdma_0/GEN_SPRT_FOR_MM2S.MM2S_LINEBUFFER_I/GEN_LINEBUF_FLUSH_
   SOF.GEN_FOR_ASYNC.MM2S_FSYNC_OUT_CDC_I_FLUSH_SOF/Mmux_GENERATE_PULSE_P_S_CDC_
   OPEN_ENDED.p_in_d1_cdc_from_GND_70_o_MUX_50_o11" (type=LUT2).

WARNING:ConstraintSystem:135 - Constraint <INST
   /system/EXPANDED/system/axi_vdma_0/axi_vdma_0\/GEN_SPRT_FOR_MM2S.MM2S_LINEBUF
   FER_I\/GEN_LINEBUF_FLUSH_SOF.GEN_FOR_ASYNC.MM2S_FSIZE_ERR_CDC_I\/Mmux_GENERAT
   E_PULSE_P_S_CDC_OPEN_ENDED.s_out_d1_cd...>: No instances of type FFS were
   found under block
   "axi_vdma_0/axi_vdma_0/GEN_SPRT_FOR_MM2S.MM2S_LINEBUFFER_I/GEN_LINEBUF_FLUSH_
   SOF.GEN_FOR_ASYNC.MM2S_FSIZE_ERR_CDC_I/Mmux_GENERATE_PULSE_P_S_CDC_OPEN_ENDED
   .s_out_d1_cdc_to_GND_70_o_MUX_51_o11" (type=LUT2).

WARNING:ConstraintSystem:135 - Constraint <INST
   /system/EXPANDED/system/axi_vdma_0/axi_vdma_0\/GEN_SPRT_FOR_MM2S.MM2S_LINEBUF
   FER_I\/GEN_LINEBUF_FLUSH_SOF.GEN_FOR_ASYNC.MM2S_FSIZE_ERR_CDC_I\/Mmux_GENERAT
   E_PULSE_P_S_CDC_OPEN_ENDED.p_in_d1_cdc...>: No instances of type FFS were
   found under block
   "axi_vdma_0/axi_vdma_0/GEN_SPRT_FOR_MM2S.MM2S_LINEBUFFER_I/GEN_LINEBUF_FLUSH_
   SOF.GEN_FOR_ASYNC.MM2S_FSIZE_ERR_CDC_I/Mmux_GENERATE_PULSE_P_S_CDC_OPEN_ENDED
   .p_in_d1_cdc_from_GND_70_o_MUX_50_o11" (type=LUT2).

WARNING:ConstraintSystem:135 - Constraint <INST
   /system/EXPANDED/system/axi_vdma_0/axi_vdma_0\/GEN_SPRT_FOR_MM2S.MM2S_VID_CDC
   _I\/GEN_CDC_FOR_ASYNC.SOF_CDC_I\/Mmux_GENERATE_PULSE_S_P_CDC_OPEN_ENDED.p_out
   _d1_cdc_to_GND_148_o_MUX_596_o11 TNM =...>: No instances of type FFS were
   found under block
   "axi_vdma_0/axi_vdma_0/GEN_SPRT_FOR_MM2S.MM2S_VID_CDC_I/GEN_CDC_FOR_ASYNC.SOF
   _CDC_I/Mmux_GENERATE_PULSE_S_P_CDC_OPEN_ENDED.p_out_d1_cdc_to_GND_148_o_MUX_5
   96_o11" (type=LUT2).

WARNING:ConstraintSystem:135 - Constraint <INST
   /system/EXPANDED/system/axi_vdma_0/axi_vdma_0\/GEN_SPRT_FOR_MM2S.MM2S_VID_CDC
   _I\/GEN_CDC_FOR_ASYNC.SOF_CDC_I\/Mmux_GENERATE_PULSE_S_P_CDC_OPEN_ENDED.s_in_
   d1_cdc_from_GND_148_o_MUX_595_o11 TNM ...>: No instances of type FFS were
   found under block
   "axi_vdma_0/axi_vdma_0/GEN_SPRT_FOR_MM2S.MM2S_VID_CDC_I/GEN_CDC_FOR_ASYNC.SOF
   _CDC_I/Mmux_GENERATE_PULSE_S_P_CDC_OPEN_ENDED.s_in_d1_cdc_from_GND_148_o_MUX_
   595_o11" (type=LUT2).

WARNING:ConstraintSystem:135 - Constraint <INST
   /system/EXPANDED/system/axi_vdma_0/axi_vdma_0\/GEN_SPRT_FOR_MM2S.MM2S_VID_CDC
   _I\/GEN_CDC_FOR_ASYNC.FSYNC_IN_CDC_I\/Mmux_GENERATE_PULSE_S_P_CDC_OPEN_ENDED.
   p_out_d1_cdc_to_GND_148_o_MUX_596_o11 ...>: No instances of type FFS were
   found under block
   "axi_vdma_0/axi_vdma_0/GEN_SPRT_FOR_MM2S.MM2S_VID_CDC_I/GEN_CDC_FOR_ASYNC.FSY
   NC_IN_CDC_I/Mmux_GENERATE_PULSE_S_P_CDC_OPEN_ENDED.p_out_d1_cdc_to_GND_148_o_
   MUX_596_o11" (type=LUT2).

WARNING:ConstraintSystem:135 - Constraint <INST
   /system/EXPANDED/system/axi_vdma_0/axi_vdma_0\/GEN_SPRT_FOR_MM2S.MM2S_VID_CDC
   _I\/GEN_CDC_FOR_ASYNC.FSYNC_IN_CDC_I\/Mmux_GENERATE_PULSE_S_P_CDC_OPEN_ENDED.
   s_in_d1_cdc_from_GND_148_o_MUX_595_o11...>: No instances of type FFS were
   found under block
   "axi_vdma_0/axi_vdma_0/GEN_SPRT_FOR_MM2S.MM2S_VID_CDC_I/GEN_CDC_FOR_ASYNC.FSY
   NC_IN_CDC_I/Mmux_GENERATE_PULSE_S_P_CDC_OPEN_ENDED.s_in_d1_cdc_from_GND_148_o
   _MUX_595_o11" (type=LUT2).

WARNING:ConstraintSystem:135 - Constraint <INST
   /system/EXPANDED/system/axi_vdma_0/axi_vdma_0\/GEN_SPRT_FOR_MM2S.MM2S_VID_CDC
   _I\/GEN_CDC_FOR_ASYNC.M_PTR_OUT_CDC_I\/Mmux_GENERATE_PULSE_P_S_CDC_OPEN_ENDED
   .s_out_d1_cdc_to_GND_132_o_MUX_591_o11...>: No instances of type FFS were
   found under block
   "axi_vdma_0/axi_vdma_0/GEN_SPRT_FOR_MM2S.MM2S_VID_CDC_I/GEN_CDC_FOR_ASYNC.M_P
   TR_OUT_CDC_I/Mmux_GENERATE_PULSE_P_S_CDC_OPEN_ENDED.s_out_d1_cdc_to_GND_132_o
   _MUX_591_o11" (type=LUT2).

WARNING:ConstraintSystem:135 - Constraint <INST
   /system/EXPANDED/system/axi_vdma_0/axi_vdma_0\/GEN_SPRT_FOR_MM2S.MM2S_VID_CDC
   _I\/GEN_CDC_FOR_ASYNC.PRMTR_UPDT_CDC_I\/Mmux_GENERATE_PULSE_P_S_CDC_OPEN_ENDE
   D.s_out_d1_cdc_to_GND_70_o_MUX_51_o11 ...>: No instances of type FFS were
   found under block
   "axi_vdma_0/axi_vdma_0/GEN_SPRT_FOR_MM2S.MM2S_VID_CDC_I/GEN_CDC_FOR_ASYNC.PRM
   TR_UPDT_CDC_I/Mmux_GENERATE_PULSE_P_S_CDC_OPEN_ENDED.s_out_d1_cdc_to_GND_70_o
   _MUX_51_o11" (type=LUT2).

WARNING:ConstraintSystem:135 - Constraint <INST
   /system/EXPANDED/system/axi_vdma_0/axi_vdma_0\/GEN_SPRT_FOR_MM2S.MM2S_VID_CDC
   _I\/GEN_CDC_FOR_ASYNC.PRMTR_UPDT_CDC_I\/Mmux_GENERATE_PULSE_P_S_CDC_OPEN_ENDE
   D.p_in_d1_cdc_from_GND_70_o_MUX_50_o11...>: No instances of type FFS were
   found under block
   "axi_vdma_0/axi_vdma_0/GEN_SPRT_FOR_MM2S.MM2S_VID_CDC_I/GEN_CDC_FOR_ASYNC.PRM
   TR_UPDT_CDC_I/Mmux_GENERATE_PULSE_P_S_CDC_OPEN_ENDED.p_in_d1_cdc_from_GND_70_
   o_MUX_50_o11" (type=LUT2).

WARNING:ConstraintSystem:135 - Constraint <INST
   /system/EXPANDED/system/axi_vdma_0/axi_vdma_0\/GEN_SPRT_FOR_MM2S.MM2S_VID_CDC
   _I\/GEN_CDC_FOR_ASYNC.FSYNC_OUT_CDC_I\/Mmux_GENERATE_PULSE_P_S_CDC_OPEN_ENDED
   .s_out_d1_cdc_to_GND_70_o_MUX_51_o11 T...>: No instances of type FFS were
   found under block
   "axi_vdma_0/axi_vdma_0/GEN_SPRT_FOR_MM2S.MM2S_VID_CDC_I/GEN_CDC_FOR_ASYNC.FSY
   NC_OUT_CDC_I/Mmux_GENERATE_PULSE_P_S_CDC_OPEN_ENDED.s_out_d1_cdc_to_GND_70_o_
   MUX_51_o11" (type=LUT2).

WARNING:ConstraintSystem:135 - Constraint <INST
   /system/EXPANDED/system/axi_vdma_0/axi_vdma_0\/GEN_SPRT_FOR_MM2S.MM2S_VID_CDC
   _I\/GEN_CDC_FOR_ASYNC.FSYNC_OUT_CDC_I\/Mmux_GENERATE_PULSE_P_S_CDC_OPEN_ENDED
   .p_in_d1_cdc_from_GND_70_o_MUX_50_o11 ...>: No instances of type FFS were
   found under block
   "axi_vdma_0/axi_vdma_0/GEN_SPRT_FOR_MM2S.MM2S_VID_CDC_I/GEN_CDC_FOR_ASYNC.FSY
   NC_OUT_CDC_I/Mmux_GENERATE_PULSE_P_S_CDC_OPEN_ENDED.p_in_d1_cdc_from_GND_70_o
   _MUX_50_o11" (type=LUT2).

WARNING:ConstraintSystem:135 - Constraint <INST
   /system/EXPANDED/system/axi_vdma_0/axi_vdma_0\/AXI_LITE_REG_INTERFACE_I\/GEN_
   AXI_LITE_IF.AXI_LITE_IF_I\/GEN_LITE_IS_ASYNC.GEN_MM2S_ONLY_ASYNC_LITE_ACCESS.
   LITE_WVALID_MM2S_CDC_I\/Mmux_GENERATE_...>: No instances of type FFS were
   found under block
   "axi_vdma_0/axi_vdma_0/AXI_LITE_REG_INTERFACE_I/GEN_AXI_LITE_IF.AXI_LITE_IF_I
   /GEN_LITE_IS_ASYNC.GEN_MM2S_ONLY_ASYNC_LITE_ACCESS.LITE_WVALID_MM2S_CDC_I/Mmu
   x_GENERATE_PULSE_P_S_CDC_OPEN_ENDED.p_in_d1_cdc_from_GND_70_o_MUX_50_o11"
   (type=LUT2).

WARNING:ConstraintSystem:135 - Constraint <INST
   /system/EXPANDED/system/axi_vdma_0/axi_vdma_0\/AXI_LITE_REG_INTERFACE_I\/GEN_
   AXI_LITE_IF.AXI_LITE_IF_I\/GEN_LITE_IS_ASYNC.GEN_MM2S_ONLY_ASYNC_LITE_ACCESS.
   LITE_WVALID_MM2S_CDC_I\/Mmux_GENERATE_...>: No instances of type FFS were
   found under block
   "axi_vdma_0/axi_vdma_0/AXI_LITE_REG_INTERFACE_I/GEN_AXI_LITE_IF.AXI_LITE_IF_I
   /GEN_LITE_IS_ASYNC.GEN_MM2S_ONLY_ASYNC_LITE_ACCESS.LITE_WVALID_MM2S_CDC_I/Mmu
   x_GENERATE_PULSE_P_S_CDC_OPEN_ENDED.s_out_d1_cdc_to_GND_70_o_MUX_51_o11"
   (type=LUT2).

WARNING:ConstraintSystem:135 - Constraint <INST
   /system/EXPANDED/system/axi_vdma_0/axi_vdma_0\/AXI_LITE_REG_INTERFACE_I\/GEN_
   AXI_LITE_IF.AXI_LITE_IF_I\/GND_69_o_axi2ip_wraddr_captured_mm2s_cdc_tig[7]_eq
   ual_34_o<7>11 TNM = FFS:TNM_axi_vdma_0...>: No instances of type FFS were
   found under block
   "axi_vdma_0/axi_vdma_0/AXI_LITE_REG_INTERFACE_I/GEN_AXI_LITE_IF.AXI_LITE_IF_I
   /GND_69_o_axi2ip_wraddr_captured_mm2s_cdc_tig[7]_equal_34_o<7>11"
   (type=LUT3).

WARNING:ConstraintSystem:135 - Constraint <INST
   /system/EXPANDED/system/axi_vdma_0/axi_vdma_0\/AXI_LITE_REG_INTERFACE_I\/GEN_
   AXI_LITE_IF.AXI_LITE_IF_I\/GND_69_o_axi2ip_wraddr_captured_mm2s_cdc_tig[7]_eq
   ual_26_o<7>11 TNM = FFS:TNM_axi_vdma_0...>: No instances of type FFS were
   found under block
   "axi_vdma_0/axi_vdma_0/AXI_LITE_REG_INTERFACE_I/GEN_AXI_LITE_IF.AXI_LITE_IF_I
   /GND_69_o_axi2ip_wraddr_captured_mm2s_cdc_tig[7]_equal_26_o<7>11"
   (type=LUT3).

WARNING:ConstraintSystem:135 - Constraint <INST
   /system/EXPANDED/system/axi_vdma_0/axi_vdma_0\/AXI_LITE_REG_INTERFACE_I\/GEN_
   AXI_LITE_IF.AXI_LITE_IF_I\/GND_69_o_axi2ip_wraddr_captured_mm2s_cdc_tig[7]_eq
   ual_10_o<7>11 TNM = FFS:TNM_axi_vdma_0...>: No instances of type FFS were
   found under block
   "axi_vdma_0/axi_vdma_0/AXI_LITE_REG_INTERFACE_I/GEN_AXI_LITE_IF.AXI_LITE_IF_I
   /GND_69_o_axi2ip_wraddr_captured_mm2s_cdc_tig[7]_equal_10_o<7>11"
   (type=LUT3).

WARNING:ConstraintSystem:135 - Constraint <INST
   /system/EXPANDED/system/axi_interconnect_2/axi_interconnect_2\/si_converter_b
   ank\/gen_conv_slot[0].clock_conv_inst\/interconnect_aresetn_resync<2>_inv1_IN
   V_0 TNM = FFS:axi_interconnect_2_reset...>: No instances of type FFS were
   found under block
   "axi_interconnect_2/axi_interconnect_2/si_converter_bank/gen_conv_slot[0].clo
   ck_conv_inst/interconnect_aresetn_resync<2>_inv1_INV_0" (type=INV).

WARNING:ConstraintSystem:135 - Constraint <INST
   /system/EXPANDED/system/axi_interconnect_1/axi_interconnect_1\/si_converter_b
   ank\/gen_conv_slot[0].clock_conv_inst\/interconnect_aresetn_resync<2>_inv1_IN
   V_0 TNM = FFS:axi_interconnect_1_reset...>: No instances of type FFS were
   found under block
   "axi_interconnect_1/axi_interconnect_1/si_converter_bank/gen_conv_slot[0].clo
   ck_conv_inst/interconnect_aresetn_resync<2>_inv1_INV_0" (type=INV).

WARNING:ConstraintSystem:135 - Constraint <INST
   /system/EXPANDED/system/axi_interconnect_0/axi_interconnect_0\/si_converter_b
   ank\/gen_conv_slot[0].clock_conv_inst\/interconnect_aresetn_resync<2>_inv1_IN
   V_0 TNM = FFS:axi_interconnect_0_reset...>: No instances of type FFS were
   found under block
   "axi_interconnect_0/axi_interconnect_0/si_converter_bank/gen_conv_slot[0].clo
   ck_conv_inst/interconnect_aresetn_resync<2>_inv1_INV_0" (type=INV).

WARNING:ConstraintSystem - A target design object for the Locate constraint
   '<NET "processing_system7_0_PS_PORB_pin_IBUF" LOC = B5>' could not be found
   and so the Locate constraint will be removed.

WARNING:ConstraintSystem - A target design object for the Locate constraint
   '<NET "processing_system7_0_PS_CLK_pin_IBUF" LOC = F7>' could not be found
   and so the Locate constraint will be removed.

WARNING:ConstraintSystem - A target design object for the Locate constraint
   '<NET "processing_system7_0_PS_SRSTB_pin_IBUF" LOC = C9>' could not be found
   and so the Locate constraint will be removed.

WARNING:ConstraintSystem:58 - Constraint <TIMEGRP
   axi_interconnect_0_reset_source = FFS PADS CPUS;>: CPUS "*" does not match
   any design objects.

WARNING:ConstraintSystem:58 - Constraint <TIMEGRP
   axi_interconnect_1_reset_source = FFS PADS CPUS;>: CPUS "*" does not match
   any design objects.

WARNING:ConstraintSystem:58 - Constraint <TIMEGRP
   axi_interconnect_2_reset_source = FFS PADS CPUS;>: CPUS "*" does not match
   any design objects.

WARNING:ConstraintSystem:194 - The TNM 'TNM_axi_vdma_0_cdc_to', does not
   directly or indirectly drive any flip-flops, latches and/or RAMs and is not
   actively used by any referencing constraint.

WARNING:ConstraintSystem:194 - The TNM 'TNM_axi_vdma_0_cdc_from', does not
   directly or indirectly drive any flip-flops, latches and/or RAMs and is not
   actively used by any referencing constraint.

WARNING:ConstraintSystem:194 - The TNM 'TNM_axi_vdma_0_cdc_to', does not
   directly or indirectly drive any flip-flops, latches and/or RAMs and is not
   actively used by any referencing constraint.

WARNING:ConstraintSystem:194 - The TNM 'TNM_axi_vdma_0_cdc_to', does not
   directly or indirectly drive any flip-flops, latches and/or RAMs and is not
   actively used by any referencing constraint.

WARNING:ConstraintSystem:194 - The TNM 'TNM_axi_vdma_0_cdc_from', does not
   directly or indirectly drive any flip-flops, latches and/or RAMs and is not
   actively used by any referencing constraint.

WARNING:ConstraintSystem:194 - The TNM 'TNM_axi_vdma_0_cdc_from', does not
   directly or indirectly drive any flip-flops, latches and/or RAMs and is not
   actively used by any referencing constraint.

WARNING:ConstraintSystem:194 - The TNM 'TNM_axi_vdma_0_cdc_from', does not
   directly or indirectly drive any flip-flops, latches and/or RAMs and is not
   actively used by any referencing constraint.

WARNING:ConstraintSystem:194 - The TNM 'TNM_axi_vdma_0_cdc_to', does not
   directly or indirectly drive any flip-flops, latches and/or RAMs and is not
   actively used by any referencing constraint.

WARNING:ConstraintSystem:194 - The TNM 'TNM_axi_vdma_0_cdc_from', does not
   directly or indirectly drive any flip-flops, latches and/or RAMs and is not
   actively used by any referencing constraint.

WARNING:ConstraintSystem:194 - The TNM 'TNM_axi_vdma_0_cdc_to', does not
   directly or indirectly drive any flip-flops, latches and/or RAMs and is not
   actively used by any referencing constraint.

WARNING:ConstraintSystem:194 - The TNM 'TNM_axi_vdma_0_cdc_from', does not
   directly or indirectly drive any flip-flops, latches and/or RAMs and is not
   actively used by any referencing constraint.

WARNING:ConstraintSystem:194 - The TNM 'TNM_axi_vdma_0_cdc_to', does not
   directly or indirectly drive any flip-flops, latches and/or RAMs and is not
   actively used by any referencing constraint.

WARNING:ConstraintSystem:194 - The TNM 'TNM_axi_vdma_0_cdc_to', does not
   directly or indirectly drive any flip-flops, latches and/or RAMs and is not
   actively used by any referencing constraint.

WARNING:ConstraintSystem:194 - The TNM 'TNM_axi_vdma_0_cdc_from', does not
   directly or indirectly drive any flip-flops, latches and/or RAMs and is not
   actively used by any referencing constraint.

WARNING:ConstraintSystem:194 - The TNM 'TNM_axi_vdma_0_cdc_to', does not
   directly or indirectly drive any flip-flops, latches and/or RAMs and is not
   actively used by any referencing constraint.

WARNING:ConstraintSystem:194 - The TNM 'TNM_axi_vdma_0_cdc_from', does not
   directly or indirectly drive any flip-flops, latches and/or RAMs and is not
   actively used by any referencing constraint.

WARNING:ConstraintSystem:194 - The TNM 'TNM_axi_vdma_0_cdc_to', does not
   directly or indirectly drive any flip-flops, latches and/or RAMs and is not
   actively used by any referencing constraint.

WARNING:ConstraintSystem:194 - The TNM 'TNM_axi_vdma_0_cdc_from', does not
   directly or indirectly drive any flip-flops, latches and/or RAMs and is not
   actively used by any referencing constraint.

WARNING:ConstraintSystem:194 - The TNM 'TNM_axi_vdma_0_cdc_to', does not
   directly or indirectly drive any flip-flops, latches and/or RAMs and is not
   actively used by any referencing constraint.

WARNING:ConstraintSystem:194 - The TNM 'TNM_axi_vdma_0_cdc_from', does not
   directly or indirectly drive any flip-flops, latches and/or RAMs and is not
   actively used by any referencing constraint.

WARNING:ConstraintSystem:194 - The TNM 'TNM_axi_vdma_0_cdc_to', does not
   directly or indirectly drive any flip-flops, latches and/or RAMs and is not
   actively used by any referencing constraint.

WARNING:ConstraintSystem:194 - The TNM 'TNM_axi_vdma_0_cdc_to', does not
   directly or indirectly drive any flip-flops, latches and/or RAMs and is not
   actively used by any referencing constraint.

WARNING:ConstraintSystem:194 - The TNM 'TNM_axi_vdma_0_cdc_from', does not
   directly or indirectly drive any flip-flops, latches and/or RAMs and is not
   actively used by any referencing constraint.

WARNING:ConstraintSystem:194 - The TNM 'TNM_axi_vdma_0_cdc_to', does not
   directly or indirectly drive any flip-flops, latches and/or RAMs and is not
   actively used by any referencing constraint.

WARNING:ConstraintSystem:194 - The TNM 'TNM_axi_vdma_0_cdc_from', does not
   directly or indirectly drive any flip-flops, latches and/or RAMs and is not
   actively used by any referencing constraint.

WARNING:ConstraintSystem:194 - The TNM 'TNM_axi_vdma_0_cdc_from', does not
   directly or indirectly drive any flip-flops, latches and/or RAMs and is not
   actively used by any referencing constraint.

WARNING:ConstraintSystem:194 - The TNM 'TNM_axi_vdma_0_cdc_to', does not
   directly or indirectly drive any flip-flops, latches and/or RAMs and is not
   actively used by any referencing constraint.

WARNING:ConstraintSystem:194 - The TNM 'TNM_axi_vdma_0_cdc_tig_v', does not
   directly or indirectly drive any flip-flops, latches and/or RAMs and is not
   actively used by any referencing constraint.

WARNING:ConstraintSystem:194 - The TNM 'TNM_axi_vdma_0_cdc_tig_v', does not
   directly or indirectly drive any flip-flops, latches and/or RAMs and is not
   actively used by any referencing constraint.

WARNING:ConstraintSystem:194 - The TNM 'TNM_axi_vdma_0_cdc_tig_v', does not
   directly or indirectly drive any flip-flops, latches and/or RAMs and is not
   actively used by any referencing constraint.

WARNING:ConstraintSystem:194 - The TNM 'axi_interconnect_2_reset_resync', does
   not directly or indirectly drive any flip-flops, latches and/or RAMs and is
   not actively used by any referencing constraint.

WARNING:ConstraintSystem:194 - The TNM 'axi_interconnect_1_reset_resync', does
   not directly or indirectly drive any flip-flops, latches and/or RAMs and is
   not actively used by any referencing constraint.

WARNING:ConstraintSystem:194 - The TNM 'axi_interconnect_0_reset_resync', does
   not directly or indirectly drive any flip-flops, latches and/or RAMs and is
   not actively used by any referencing constraint.

INFO:ConstraintSystem:178 - TNM 'clk_fpga_1', used in period specification
   'TS_clk_fpga_1', was traced into MMCME2_ADV instance
   clock_generator_0/MMCM1_INST/MMCM_ADV_inst. The following new TNM groups and
   period specifications were generated at the MMCME2_ADV output(s): 
   CLKOUT0: <TIMESPEC TS_clock_generator_0_clock_generator_0_SIG_MMCM1_CLKOUT0 =
   PERIOD "clock_generator_0_clock_generator_0_SIG_MMCM1_CLKOUT0" TS_clk_fpga_1
   * 0.061440678 HIGH 50%>

INFO:ConstraintSystem:178 - TNM 'clk_fpga_2', used in period specification
   'TS_clk_fpga_2', was traced into MMCME2_ADV instance
   axi_clkgen_0/USER_LOGIC_I/i_clkgen/i_mmcm. The following new TNM groups and
   period specifications were generated at the MMCME2_ADV output(s): 
   CLKOUT0: <TIMESPEC
   TS_axi_clkgen_0_axi_clkgen_0_USER_LOGIC_I_i_clkgen_mmcm_clk_s = PERIOD
   "axi_clkgen_0_axi_clkgen_0_USER_LOGIC_I_i_clkgen_mmcm_clk_s" TS_clk_fpga_2 *
   0.742424242 HIGH 50%>

Done...

Processing BMM file "system.bmm" ...

WARNING::53 - File 'system.bmm' is empty or has no BMM content.


WARNING:NgdBuild:1440 - User specified non-default attribute value (5) was
   detected for the CLKIN1_PERIOD attribute on MMCM
   "clock_generator_0/MMCM1_INST/MMCM_ADV_inst".  This does not match the PERIOD
   constraint value (166667 KHz.).  The uncertainty calculation will use the
   PERIOD constraint value.  This could result in incorrect uncertainty
   calculated for MMCM output clocks.
Checking expanded design ...
WARNING:NgdBuild:486 - Attribute "CLOCK_HOLD" is not allowed on symbol
   "clock_generator_0/MMCM1_INST/MMCM_ADV_inst" of type "MMCME2_ADV".  This
   attribute will be ignored.
WARNING:NgdBuild:443 - SFF primitive
   'axi_iic_0/axi_iic_0/X_IIC/X_AXI_IPIF_SSP1/X_SOFT_RESET/FF_WRACK' has
   unconnected output pin
WARNING:NgdBuild:452 - logical net 'N182' has no driver
WARNING:NgdBuild:452 - logical net 'N183' has no driver
WARNING:NgdBuild:452 - logical net 'N184' has no driver
WARNING:NgdBuild:452 - logical net 'N185' has no driver
WARNING:NgdBuild:452 - logical net 'N186' has no driver
WARNING:NgdBuild:452 - logical net 'N187' has no driver
WARNING:NgdBuild:452 - logical net 'N188' has no driver
WARNING:NgdBuild:452 - logical net 'N189' has no driver
WARNING:NgdBuild:452 - logical net 'N190' has no driver
WARNING:NgdBuild:452 - logical net 'N191' has no driver
WARNING:NgdBuild:452 - logical net 'N192' has no driver
WARNING:NgdBuild:452 - logical net 'N193' has no driver
WARNING:NgdBuild:452 - logical net 'N194' has no driver
WARNING:NgdBuild:452 - logical net 'N195' has no driver
WARNING:NgdBuild:452 - logical net 'N196' has no driver
WARNING:NgdBuild:452 - logical net 'N197' has no driver
WARNING:NgdBuild:452 - logical net 'N198' has no driver
WARNING:NgdBuild:452 - logical net 'N199' has no driver
WARNING:NgdBuild:452 - logical net 'N200' has no driver
WARNING:NgdBuild:452 - logical net 'N201' has no driver
WARNING:NgdBuild:452 - logical net 'N202' has no driver
WARNING:NgdBuild:452 - logical net 'N203' has no driver
WARNING:NgdBuild:452 - logical net 'N204' has no driver
WARNING:NgdBuild:452 - logical net 'N205' has no driver
WARNING:NgdBuild:452 - logical net 'N206' has no driver
WARNING:NgdBuild:452 - logical net 'N207' has no driver
WARNING:NgdBuild:452 - logical net 'N208' has no driver
WARNING:NgdBuild:452 - logical net 'N209' has no driver
WARNING:NgdBuild:452 - logical net 'N210' has no driver
WARNING:NgdBuild:452 - logical net 'N211' has no driver
WARNING:NgdBuild:452 - logical net 'N212' has no driver
WARNING:NgdBuild:452 - logical net 'N213' has no driver
WARNING:NgdBuild:452 - logical net 'N214' has no driver
WARNING:NgdBuild:452 - logical net 'N215' has no driver
WARNING:NgdBuild:452 - logical net 'N216' has no driver
WARNING:NgdBuild:452 - logical net 'N217' has no driver
WARNING:NgdBuild:452 - logical net 'N218' has no driver
WARNING:NgdBuild:452 - logical net 'N219' has no driver
WARNING:NgdBuild:452 - logical net 'N220' has no driver
WARNING:NgdBuild:452 - logical net 'N221' has no driver
WARNING:NgdBuild:452 - logical net 'N222' has no driver
WARNING:NgdBuild:452 - logical net 'N223' has no driver
WARNING:NgdBuild:452 - logical net 'N224' has no driver
WARNING:NgdBuild:452 - logical net 'N225' has no driver
WARNING:NgdBuild:452 - logical net 'N226' has no driver
WARNING:NgdBuild:452 - logical net 'N227' has no driver
WARNING:NgdBuild:452 - logical net 'N228' has no driver
WARNING:NgdBuild:452 - logical net 'N229' has no driver
WARNING:NgdBuild:452 - logical net 'N230' has no driver
WARNING:NgdBuild:452 - logical net 'N231' has no driver
WARNING:NgdBuild:452 - logical net 'N232' has no driver
WARNING:NgdBuild:452 - logical net 'N233' has no driver
WARNING:NgdBuild:452 - logical net 'N234' has no driver
WARNING:NgdBuild:452 - logical net 'N235' has no driver
WARNING:NgdBuild:452 - logical net 'N236' has no driver
WARNING:NgdBuild:452 - logical net 'N237' has no driver
WARNING:NgdBuild:452 - logical net 'N238' has no driver
WARNING:NgdBuild:452 - logical net 'N239' has no driver
WARNING:NgdBuild:452 - logical net 'N240' has no driver
WARNING:NgdBuild:452 - logical net 'N241' has no driver
WARNING:NgdBuild:452 - logical net 'N242' has no driver
WARNING:NgdBuild:452 - logical net 'N243' has no driver
WARNING:NgdBuild:452 - logical net 'N244' has no driver
WARNING:NgdBuild:452 - logical net 'N245' has no driver
WARNING:NgdBuild:452 - logical net 'N246' has no driver
WARNING:NgdBuild:452 - logical net 'N247' has no driver
WARNING:NgdBuild:452 - logical net 'N248' has no driver
WARNING:NgdBuild:452 - logical net 'N249' has no driver
WARNING:NgdBuild:452 - logical net 'N250' has no driver
WARNING:NgdBuild:452 - logical net 'N251' has no driver
WARNING:NgdBuild:452 - logical net 'N252' has no driver
WARNING:NgdBuild:452 - logical net 'N253' has no driver
WARNING:NgdBuild:452 - logical net 'N254' has no driver
WARNING:NgdBuild:452 - logical net 'N255' has no driver
WARNING:NgdBuild:452 - logical net 'N256' has no driver
WARNING:NgdBuild:452 - logical net 'N257' has no driver
WARNING:NgdBuild:452 - logical net 'N258' has no driver
WARNING:NgdBuild:452 - logical net 'N259' has no driver
WARNING:NgdBuild:452 - logical net 'N260' has no driver
WARNING:NgdBuild:452 - logical net 'N261' has no driver
WARNING:NgdBuild:452 - logical net 'N262' has no driver
WARNING:NgdBuild:452 - logical net 'N263' has no driver
WARNING:NgdBuild:452 - logical net 'N264' has no driver
WARNING:NgdBuild:452 - logical net 'N265' has no driver
WARNING:NgdBuild:452 - logical net 'N266' has no driver
WARNING:NgdBuild:452 - logical net 'N267' has no driver
WARNING:NgdBuild:452 - logical net 'N268' has no driver
WARNING:NgdBuild:452 - logical net 'N269' has no driver
WARNING:NgdBuild:452 - logical net 'N270' has no driver
WARNING:NgdBuild:452 - logical net 'N271' has no driver
WARNING:NgdBuild:452 - logical net 'N272' has no driver
WARNING:NgdBuild:452 - logical net 'N273' has no driver
WARNING:NgdBuild:452 - logical net 'N274' has no driver
WARNING:NgdBuild:452 - logical net 'N275' has no driver
WARNING:NgdBuild:452 - logical net 'N276' has no driver
WARNING:NgdBuild:452 - logical net 'N277' has no driver
WARNING:NgdBuild:452 - logical net 'N278' has no driver
WARNING:NgdBuild:452 - logical net 'N279' has no driver
WARNING:NgdBuild:452 - logical net 'N280' has no driver
WARNING:NgdBuild:452 - logical net 'N281' has no driver
WARNING:NgdBuild:452 - logical net 'N282' has no driver
WARNING:NgdBuild:452 - logical net 'N283' has no driver
WARNING:NgdBuild:452 - logical net 'N284' has no driver
WARNING:NgdBuild:452 - logical net 'N285' has no driver
WARNING:NgdBuild:452 - logical net 'N286' has no driver
WARNING:NgdBuild:452 - logical net 'N287' has no driver
WARNING:NgdBuild:452 - logical net 'N288' has no driver
WARNING:NgdBuild:452 - logical net 'N289' has no driver
WARNING:NgdBuild:452 - logical net 'N290' has no driver
WARNING:NgdBuild:452 - logical net 'N291' has no driver
WARNING:NgdBuild:452 - logical net 'N292' has no driver
WARNING:NgdBuild:452 - logical net 'N293' has no driver
WARNING:NgdBuild:452 - logical net 'N294' has no driver
WARNING:NgdBuild:452 - logical net 'N295' has no driver
WARNING:NgdBuild:452 - logical net 'N296' has no driver
WARNING:NgdBuild:452 - logical net 'N297' has no driver
WARNING:NgdBuild:452 - logical net 'N350' has no driver
WARNING:NgdBuild:452 - logical net 'N351' has no driver
WARNING:NgdBuild:452 - logical net 'N352' has no driver
WARNING:NgdBuild:452 - logical net 'N353' has no driver
WARNING:NgdBuild:452 - logical net 'N354' has no driver
WARNING:NgdBuild:452 - logical net 'N355' has no driver
WARNING:NgdBuild:452 - logical net 'N356' has no driver
WARNING:NgdBuild:452 - logical net 'N357' has no driver
WARNING:NgdBuild:452 - logical net 'N358' has no driver
WARNING:NgdBuild:452 - logical net 'N359' has no driver

Partition Implementation Status
-------------------------------

  No Partitions were found in this design.

-------------------------------

NGDBUILD Design Results Summary:
  Number of errors:     0
  Number of warnings: 201

Writing NGD file "system.ngd" ...
Total REAL time to NGDBUILD completion:  32 sec
Total CPU time to NGDBUILD completion:   32 sec

Writing NGDBUILD log file "system.bld"...

NGDBUILD done.



#----------------------------------------------#
# Starting program map
# map -o system_map.ncd -w -pr b -ol high -timing -detail system.ngd system.pcf 
#----------------------------------------------#
Release 14.7 - Map P.20131013 (lin64)
Copyright (c) 1995-2013 Xilinx, Inc.  All rights reserved.
PMSPEC -- Overriding Xilinx file
</opt/Xilinx/14.7/ISE_DS/EDK/data/Xdh_PrimTypeLib.xda> with local file
</opt/Xilinx/14.7/ISE_DS/ISE/data/Xdh_PrimTypeLib.xda>
Using target part "7z020clg484-1".
WARNING:LIT:701 - PAD symbol "processing_system7_0_PS_SRSTB_pin" has an
   undefined IOSTANDARD.
WARNING:LIT:702 - PAD symbol "processing_system7_0_PS_SRSTB_pin" is not
   constrained (LOC) to a specific location.
WARNING:LIT:701 - PAD symbol "processing_system7_0_PS_CLK_pin" has an undefined
   IOSTANDARD.
WARNING:LIT:702 - PAD symbol "processing_system7_0_PS_CLK_pin" is not
   constrained (LOC) to a specific location.
WARNING:LIT:701 - PAD symbol "processing_system7_0_PS_PORB_pin" has an undefined
   IOSTANDARD.
WARNING:LIT:702 - PAD symbol "processing_system7_0_PS_PORB_pin" is not
   constrained (LOC) to a specific location.
Mapping design into LUTs...
Writing file system_map.ngm...
Running directed packing...
Running delay-based LUT packing...
Updating timing models...
INFO:Map:215 - The Interim Design Summary has been generated in the MAP Report
   (.mrp).
Running timing-driven placement...
Total REAL time at the beginning of Placer: 34 secs 
Total CPU  time at the beginning of Placer: 34 secs 

Phase 1.1  Initial Placement Analysis
Phase 1.1  Initial Placement Analysis (Checksum:6deaf9e4) REAL time: 41 secs 

Phase 2.7  Design Feasibility Check
Phase 2.7  Design Feasibility Check (Checksum:6deaf9e4) REAL time: 42 secs 

Phase 3.31  Local Placement Optimization
Phase 3.31  Local Placement Optimization (Checksum:6deaf9e4) REAL time: 42 secs 

Phase 4.2  Initial Placement for Architecture Specific Features

Phase 4.2  Initial Placement for Architecture Specific Features
(Checksum:6eb9c54b) REAL time: 53 secs 

Phase 5.30  Global Clock Region Assignment
Phase 5.30  Global Clock Region Assignment (Checksum:6eb9c54b) REAL time: 53 secs 

Phase 6.3  Local Placement Optimization
Phase 6.3  Local Placement Optimization (Checksum:6eb9c54b) REAL time: 54 secs 

Phase 7.5  Local Placement Optimization
Phase 7.5  Local Placement Optimization (Checksum:6eb9c54b) REAL time: 54 secs 

Phase 8.8  Global Placement
.....................................
...............................................................
.....................................................................................................
.......................................................................................................................
Phase 8.8  Global Placement (Checksum:1d0ea093) REAL time: 2 mins 55 secs 

Phase 9.5  Local Placement Optimization
Phase 9.5  Local Placement Optimization (Checksum:1d0ea093) REAL time: 2 mins 55 secs 

Phase 10.18  Placement Optimization
Phase 10.18  Placement Optimization (Checksum:ed1bbea9) REAL time: 3 mins 8 secs 

Phase 11.5  Local Placement Optimization
Phase 11.5  Local Placement Optimization (Checksum:ed1bbea9) REAL time: 3 mins 8 secs 

Phase 12.34  Placement Validation
Phase 12.34  Placement Validation (Checksum:ed1bbea9) REAL time: 3 mins 9 secs 

Total REAL time to Placer completion: 3 mins 9 secs 
Total CPU  time to Placer completion: 3 mins 5 secs 
Running post-placement packing...
Writing output files...

Design Summary:
Number of errors:      0
Number of warnings:   30
Slice Logic Utilization:
  Number of Slice Registers:                 8,895 out of 106,400    8%
    Number used as Flip Flops:               8,861
    Number used as Latches:                      0
    Number used as Latch-thrus:                  0
    Number used as AND/OR logics:               34
  Number of Slice LUTs:                      7,825 out of  53,200   14%
    Number used as logic:                    6,931 out of  53,200   13%
      Number using O6 output only:           4,706
      Number using O5 output only:             147
      Number using O5 and O6:                2,078
      Number used as ROM:                        0
    Number used as Memory:                     623 out of  17,400    3%
      Number used as Dual Port RAM:            108
        Number using O6 output only:            92
        Number using O5 output only:             4
        Number using O5 and O6:                 12
      Number used as Single Port RAM:            0
      Number used as Shift Register:           515
        Number using O6 output only:           511
        Number using O5 output only:             0
        Number using O5 and O6:                  4
    Number used exclusively as route-thrus:    271
      Number with same-slice register load:    128
      Number with same-slice carry load:       143
      Number with other load:                    0

Slice Logic Distribution:
  Number of occupied Slices:                 4,017 out of  13,300   30%
  Number of LUT Flip Flop pairs used:       11,244
    Number with an unused Flip Flop:         3,181 out of  11,244   28%
    Number with an unused LUT:               3,419 out of  11,244   30%
    Number of fully used LUT-FF pairs:       4,644 out of  11,244   41%
    Number of unique control sets:             458
    Number of slice register sites lost
      to control set restrictions:           1,788 out of 106,400    1%

  A LUT Flip Flop pair for this architecture represents one LUT paired with
  one Flip Flop within a slice.  A control set is a unique combination of
  clock, reset, set, and enable signals for a registered element.
  The Slice Logic Distribution report is not meaningful if the design is
  over-mapped for a non-slice resource or if Placement fails.
  OVERMAPPING of BRAM resources should be ignored if the design is
  over-mapped for a non-BRAM resource or if placement fails.

IO Utilization:
  Number of bonded IOBs:                        99 out of     200   49%
    Number of LOCed IOBs:                       99 out of      99  100%
  Number of bonded IOPAD:                      130 out of     130  100%
    IOB Flip Flops:                             29

Specific Feature Utilization:
  Number of RAMB36E1/FIFO36E1s:                  6 out of     140    4%
    Number using RAMB36E1 only:                  6
    Number using FIFO36E1 only:                  0
  Number of RAMB18E1/FIFO18E1s:                  5 out of     280    1%
    Number using RAMB18E1 only:                  5
    Number using FIFO18E1 only:                  0
  Number of BUFG/BUFGCTRLs:                      7 out of      32   21%
    Number used as BUFGs:                        7
    Number used as BUFGCTRLs:                    0
  Number of IDELAYE2/IDELAYE2_FINEDELAYs:        0 out of     200    0%
  Number of ILOGICE2/ILOGICE3/ISERDESE2s:        0 out of     200    0%
  Number of ODELAYE2/ODELAYE2_FINEDELAYs:        0
  Number of OLOGICE2/OLOGICE3/OSERDESE2s:       81 out of     200   40%
    Number used as OLOGICE2s:                   81
    Number used as OLOGICE3s:                    0
    Number used as OSERDESE2s:                   0
  Number of PHASER_IN/PHASER_IN_PHYs:            0 out of      16    0%
  Number of PHASER_OUT/PHASER_OUT_PHYs:          0 out of      16    0%
  Number of BSCANs:                              0 out of       4    0%
  Number of BUFHCEs:                             0 out of      72    0%
  Number of BUFRs:                               0 out of      16    0%
  Number of CAPTUREs:                            0 out of       1    0%
  Number of DNA_PORTs:                           0 out of       1    0%
  Number of DSP48E1s:                            0 out of     220    0%
  Number of EFUSE_USRs:                          0 out of       1    0%
  Number of FRAME_ECCs:                          0 out of       1    0%
  Number of ICAPs:                               0 out of       2    0%
  Number of IDELAYCTRLs:                         0 out of       4    0%
  Number of IN_FIFOs:                            0 out of      16    0%
  Number of MMCME2_ADVs:                         2 out of       4   50%
  Number of OUT_FIFOs:                           0 out of      16    0%
  Number of PHASER_REFs:                         0 out of       4    0%
  Number of PHY_CONTROLs:                        0 out of       4    0%
  Number of PLLE2_ADVs:                          0 out of       4    0%
  Number of PS7s:                                1 out of       1  100%
  Number of STARTUPs:                            0 out of       1    0%
  Number of XADCs:                               0 out of       1    0%

Average Fanout of Non-Clock Nets:                3.49

Peak Memory Usage:  1523 MB
Total REAL time to MAP completion:  3 mins 16 secs 
Total CPU time to MAP completion:   3 mins 11 secs 

Mapping completed.
See MAP report file "system_map.mrp" for details.



#----------------------------------------------#
# Starting program par
# par -w -ol high system_map.ncd system.ncd system.pcf 
#----------------------------------------------#
Release 14.7 - par P.20131013 (lin64)
Copyright (c) 1995-2013 Xilinx, Inc.  All rights reserved.
PMSPEC -- Overriding Xilinx file </opt/Xilinx/14.7/ISE_DS/EDK/data/parBmgr.acd> with local file
</opt/Xilinx/14.7/ISE_DS/ISE/data/parBmgr.acd>



Constraints file: system.pcf.
Loading device for application Rf_Device from file '7z020.nph' in environment
/opt/Xilinx/14.7/ISE_DS/ISE/:/opt/Xilinx/14.7/ISE_DS/EDK.
   "system" is an NCD, version 3.2, device xc7z020, package clg484, speed -1

Initializing temperature to 85.000 Celsius. (default - Range: 0.000 to 85.000 Celsius)
Initializing voltage to 0.950 Volts. (default - Range: 0.950 to 1.050 Volts)


Device speed data version:  "PRODUCTION 1.08 2013-10-13".



Device Utilization Summary:

   Number of BUFGs                           7 out of 32     21%
   Number of External IOB33s                99 out of 200    49%
      Number of LOCed IOB33s                99 out of 99    100%

   Number of External IOPADs               130 out of 130   100%
      Number of LOCed IOPADs               127 out of 130    97%

   Number of MMCME2_ADVs                     2 out of 4      50%
   Number of OLOGICE2s                      81 out of 200    40%
   Number of PS7s                            1 out of 1     100%
   Number of RAMB18E1s                       5 out of 280     1%
   Number of RAMB36E1s                       6 out of 140     4%
   Number of Slices                       4017 out of 13300  30%
   Number of Slice Registers              8895 out of 106400  8%
      Number used as Flip Flops           8895
      Number used as Latches                 0
      Number used as LatchThrus              0

   Number of Slice LUTS                   7825 out of 53200  14%
   Number of Slice LUT-Flip Flop pairs   10962 out of 53200  20%


Overall effort level (-ol):   High 
Router effort level (-rl):    High 

INFO:Timing:3386 - Intersecting Constraints found and resolved.  For more information, see the TSI report.  Please consult the Xilinx
   Command Line Tools User Guide for information on generating a TSI report.
Starting initial Timing Analysis.  REAL time: 17 secs 
Finished initial Timing Analysis.  REAL time: 18 secs 

WARNING:Par:288 - The signal
   axi_interconnect_2/axi_interconnect_2/mi_protocol_conv_bank/gen_protocol_slot[0].gen_prot_conv.conv_inst/gen_axi3.axi3_conv_inst/USE_WRIT
   E.write_addr_inst/USE_B_CHANNEL.cmd_b_queue/inst/fifo_gen_inst/U0/xst_fifo_generator/gconvfifo.rf/grf.rf/gntv_or_sync_fifo.mem/gdm.dm/Mra
   m_RAM_RAMD_D1_O has no load.  PAR will not attempt to route this signal.
WARNING:Par:288 - The signal
   axi_interconnect_2/axi_interconnect_2/mi_protocol_conv_bank/gen_protocol_slot[0].gen_prot_conv.conv_inst/gen_axi3.axi3_conv_inst/USE_WRIT
   E.write_addr_inst/USE_BURSTS.cmd_queue/inst/fifo_gen_inst/U0/xst_fifo_generator/gconvfifo.rf/grf.rf/gntv_or_sync_fifo.mem/gdm.dm/Mram_RAM
   _RAMD_D1_O has no load.  PAR will not attempt to route this signal.
WARNING:Par:288 - The signal
   axi_interconnect_1/axi_interconnect_1/mi_protocol_conv_bank/gen_protocol_slot[0].gen_prot_conv.conv_inst/gen_axi3.axi3_conv_inst/USE_WRIT
   E.write_addr_inst/USE_BURSTS.cmd_queue/inst/fifo_gen_inst/U0/xst_fifo_generator/gconvfifo.rf/grf.rf/gntv_or_sync_fifo.mem/gdm.dm/Mram_RAM
   _RAMD_D1_O has no load.  PAR will not attempt to route this signal.
WARNING:Par:288 - The signal
   axi_interconnect_1/axi_interconnect_1/mi_protocol_conv_bank/gen_protocol_slot[0].gen_prot_conv.conv_inst/gen_axi3.axi3_conv_inst/USE_WRIT
   E.write_addr_inst/USE_B_CHANNEL.cmd_b_queue/inst/fifo_gen_inst/U0/xst_fifo_generator/gconvfifo.rf/grf.rf/gntv_or_sync_fifo.mem/gdm.dm/Mra
   m_RAM_RAMD_D1_O has no load.  PAR will not attempt to route this signal.
WARNING:Par:288 - The signal axi_spdif_tx_0/axi_spdif_tx_0/USER_LOGIC_I/Mram_audio_fifo7_RAMD_O has no load.  PAR will not attempt to route
   this signal.
WARNING:Par:288 - The signal axi_spdif_tx_0/axi_spdif_tx_0/USER_LOGIC_I/Mram_audio_fifo18_RAMD_O has no load.  PAR will not attempt to route
   this signal.
WARNING:Par:288 - The signal axi_spdif_tx_0/axi_spdif_tx_0/USER_LOGIC_I/Mram_audio_fifo17_RAMD_O has no load.  PAR will not attempt to route
   this signal.
WARNING:Par:288 - The signal axi_spdif_tx_0/axi_spdif_tx_0/USER_LOGIC_I/Mram_audio_fifo20_RAMD_O has no load.  PAR will not attempt to route
   this signal.
WARNING:Par:288 - The signal axi_spdif_tx_0/axi_spdif_tx_0/USER_LOGIC_I/Mram_audio_fifo8_RAMD_O has no load.  PAR will not attempt to route
   this signal.
WARNING:Par:288 - The signal axi_spdif_tx_0/axi_spdif_tx_0/USER_LOGIC_I/Mram_audio_fifo9_RAMD_O has no load.  PAR will not attempt to route
   this signal.
WARNING:Par:288 - The signal axi_spdif_tx_0/axi_spdif_tx_0/USER_LOGIC_I/Mram_audio_fifo10_RAMD_O has no load.  PAR will not attempt to route
   this signal.
WARNING:Par:288 - The signal axi_spdif_tx_0/axi_spdif_tx_0/USER_LOGIC_I/Mram_audio_fifo19_RAMD_O has no load.  PAR will not attempt to route
   this signal.
WARNING:Par:288 - The signal axi_spdif_tx_0/axi_spdif_tx_0/USER_LOGIC_I/Mram_audio_fifo6_RAMD_O has no load.  PAR will not attempt to route
   this signal.
WARNING:Par:288 - The signal axi_spdif_tx_0/axi_spdif_tx_0/USER_LOGIC_I/Mram_audio_fifo5_RAMD_O has no load.  PAR will not attempt to route
   this signal.
WARNING:Par:288 - The signal axi_spdif_tx_0/axi_spdif_tx_0/USER_LOGIC_I/Mram_audio_fifo4_RAMD_O has no load.  PAR will not attempt to route
   this signal.
WARNING:Par:288 - The signal axi_spdif_tx_0/axi_spdif_tx_0/USER_LOGIC_I/Mram_audio_fifo3_RAMD_O has no load.  PAR will not attempt to route
   this signal.
WARNING:Par:288 - The signal axi_spdif_tx_0/axi_spdif_tx_0/USER_LOGIC_I/Mram_audio_fifo12_RAMD_O has no load.  PAR will not attempt to route
   this signal.
WARNING:Par:288 - The signal axi_spdif_tx_0/axi_spdif_tx_0/USER_LOGIC_I/Mram_audio_fifo11_RAMD_O has no load.  PAR will not attempt to route
   this signal.
WARNING:Par:288 - The signal axi_spdif_tx_0/axi_spdif_tx_0/USER_LOGIC_I/Mram_audio_fifo13_RAMD_O has no load.  PAR will not attempt to route
   this signal.
WARNING:Par:288 - The signal axi_spdif_tx_0/axi_spdif_tx_0/USER_LOGIC_I/Mram_audio_fifo16_RAMD_O has no load.  PAR will not attempt to route
   this signal.
WARNING:Par:288 - The signal axi_spdif_tx_0/axi_spdif_tx_0/USER_LOGIC_I/Mram_audio_fifo2_RAMD_O has no load.  PAR will not attempt to route
   this signal.
WARNING:Par:288 - The signal axi_spdif_tx_0/axi_spdif_tx_0/USER_LOGIC_I/Mram_audio_fifo1_RAMD_O has no load.  PAR will not attempt to route
   this signal.
WARNING:Par:288 - The signal axi_spdif_tx_0/axi_spdif_tx_0/USER_LOGIC_I/Mram_audio_fifo14_RAMD_O has no load.  PAR will not attempt to route
   this signal.
WARNING:Par:288 - The signal axi_spdif_tx_0/axi_spdif_tx_0/USER_LOGIC_I/Mram_audio_fifo15_RAMD_O has no load.  PAR will not attempt to route
   this signal.
Starting Router


Phase  1  : 52137 unrouted;      REAL time: 19 secs 

Phase  2  : 42001 unrouted;      REAL time: 21 secs 

Phase  3  : 14122 unrouted;      REAL time: 35 secs 

Phase  4  : 14105 unrouted; (Setup:0, Hold:95207, Component Switching Limit:0)     REAL time: 39 secs 

Updating file: system.ncd with current fully routed design.

Phase  5  : 0 unrouted; (Setup:0, Hold:77051, Component Switching Limit:0)     REAL time: 53 secs 

Phase  6  : 0 unrouted; (Setup:0, Hold:77051, Component Switching Limit:0)     REAL time: 53 secs 

Phase  7  : 0 unrouted; (Setup:0, Hold:77051, Component Switching Limit:0)     REAL time: 53 secs 

Phase  8  : 0 unrouted; (Setup:0, Hold:77051, Component Switching Limit:0)     REAL time: 53 secs 

Phase  9  : 0 unrouted; (Setup:0, Hold:0, Component Switching Limit:0)     REAL time: 57 secs 
Total REAL time to Router completion: 57 secs 
Total CPU time to Router completion: 1 mins 

Partition Implementation Status
-------------------------------

  No Partitions were found in this design.

-------------------------------

Generating "PAR" statistics.

**************************
Generating Clock Report
**************************

+---------------------+--------------+------+------+------------+-------------+
|        Clock Net    |   Resource   |Locked|Fanout|Net Skew(ns)|Max Delay(ns)|
+---------------------+--------------+------+------+------------+-------------+
|processing_system7_0 |              |      |      |            |             |
|          _FCLK_CLK0 |BUFGCTRL_X0Y31| No   | 1984 |  0.438     |  2.057      |
+---------------------+--------------+------+------+------------+-------------+
|    axi_clkgen_0_clk | BUFGCTRL_X0Y1| No   |  362 |  0.258     |  1.902      |
+---------------------+--------------+------+------+------------+-------------+
|processing_system7_0 |              |      |      |            |             |
|        _FCLK_CLK1_0 |BUFGCTRL_X0Y28| No   |  706 |  0.344     |  1.980      |
+---------------------+--------------+------+------+------------+-------------+
|processing_system7_0 |              |      |      |            |             |
|          _FCLK_CLK3 |BUFGCTRL_X0Y30| No   |   43 |  0.180     |  1.901      |
+---------------------+--------------+------+------+------------+-------------+
|clock_generator_0_CL |              |      |      |            |             |
|               KOUT0 |BUFGCTRL_X0Y27| No   |    2 |  0.188     |  1.890      |
+---------------------+--------------+------+------+------------+-------------+
|axi_clkgen_0/axi_clk |              |      |      |            |             |
|gen_0/USER_LOGIC_I/i |              |      |      |            |             |
|_clkgen/buf_fb_clk_s |              |      |      |            |             |
|                     | BUFGCTRL_X0Y0| No   |    1 |  0.000     |  1.759      |
+---------------------+--------------+------+------+------------+-------------+
|processing_system7_0 |              |      |      |            |             |
|          _FCLK_CLK2 |BUFGCTRL_X0Y29| No   |    1 |  0.000     |  1.762      |
+---------------------+--------------+------+------+------------+-------------+
|clock_generator_0/cl |              |      |      |            |             |
|ock_generator_0/SIG_ |              |      |      |            |             |
|      MMCM1_CLKFBOUT |         Local|      |    1 |  0.000     |  0.014      |
+---------------------+--------------+------+------+------------+-------------+

* Net Skew is the difference between the minimum and maximum routing
only delays for the net. Note this is different from Clock Skew which
is reported in TRCE timing report. Clock Skew is the difference between
the minimum and maximum path delays which includes logic delays.

* The fanout is the number of component pins not the individual BEL loads,
for example SLICE loads not FF loads.

Timing Score: 0 (Setup: 0, Hold: 0, Component Switching Limit: 0)

Number of Timing Constraints that were not applied: 1

Asterisk (*) preceding a constraint indicates it was not met.
   This may be due to a setup or hold violation.

----------------------------------------------------------------------------------------------------------
  Constraint                                |    Check    | Worst Case |  Best Case | Timing |   Timing   
                                            |             |    Slack   | Achievable | Errors |    Score   
----------------------------------------------------------------------------------------------------------
  TS_clk_fpga_1 = PERIOD TIMEGRP "clk_fpga_ | SETUP       |     0.019ns|     5.980ns|       0|           0
  1" 166.667 MHz HIGH 50%                   | HOLD        |     0.000ns|            |       0|           0
----------------------------------------------------------------------------------------------------------
  TS_clk_fpga_0 = PERIOD TIMEGRP "clk_fpga_ | SETUP       |     0.116ns|     9.884ns|       0|           0
  0" 100 MHz HIGH 50%                       | HOLD        |     0.003ns|            |       0|           0
----------------------------------------------------------------------------------------------------------
  TS_axi_clkgen_0_axi_clkgen_0_USER_LOGIC_I | SETUP       |     0.444ns|     6.290ns|       0|           0
  _i_clkgen_mmcm_clk_s = PERIOD TIMEGRP     | HOLD        |     0.080ns|            |       0|           0
       "axi_clkgen_0_axi_clkgen_0_USER_LOGI |             |            |            |        |            
  C_I_i_clkgen_mmcm_clk_s"         TS_clk_f |             |            |            |        |            
  pga_2 * 0.742424242 HIGH 50%              |             |            |            |        |            
----------------------------------------------------------------------------------------------------------
  TS_clk_fpga_2 = PERIOD TIMEGRP "clk_fpga_ | MINLOWPULSE |     2.200ns|     2.800ns|       0|           0
  2" 200 MHz HIGH 50%                       |             |            |            |        |            
----------------------------------------------------------------------------------------------------------
  TS_clk_fpga_3 = PERIOD TIMEGRP "clk_fpga_ | SETUP       |    29.666ns|    10.334ns|       0|           0
  3" 25 MHz HIGH 50%                        | HOLD        |     0.175ns|            |       0|           0
----------------------------------------------------------------------------------------------------------
  TS_clock_generator_0_clock_generator_0_SI | SETUP       |    96.022ns|     1.632ns|       0|           0
  G_MMCM1_CLKOUT0 = PERIOD TIMEGRP          | HOLD        |     0.352ns|            |       0|           0
  "clock_generator_0_clock_generator_0_SIG_ | MINPERIOD   |    95.499ns|     2.155ns|       0|           0
  MMCM1_CLKOUT0" TS_clk_fpga_1         * 0. |             |            |            |        |            
  061440678 HIGH 50%                        |             |            |            |        |            
----------------------------------------------------------------------------------------------------------
  PATH "TS_axi_vdma_0_cdc_tig_v_path" TIG   | SETUP       |         N/A|     6.770ns|     N/A|           0
----------------------------------------------------------------------------------------------------------
  PATH "TS_axi_vdma_0_cdc_from_2_cdc_to_pat | SETUP       |         N/A|     2.285ns|     N/A|           0
  h" TIG                                    |             |            |            |        |            
----------------------------------------------------------------------------------------------------------
  PATH "TS_axi_interconnect_2_reset_resync_ | SETUP       |         N/A|     1.118ns|     N/A|           0
  path" TIG                                 |             |            |            |        |            
----------------------------------------------------------------------------------------------------------
  PATH "TS_axi_interconnect_1_reset_resync_ | SETUP       |         N/A|     1.118ns|     N/A|           0
  path" TIG                                 |             |            |            |        |            
----------------------------------------------------------------------------------------------------------
  PATH "TS_axi_interconnect_0_reset_resync_ | SETUP       |         N/A|     1.118ns|     N/A|           0
  path" TIG                                 |             |            |            |        |            
----------------------------------------------------------------------------------------------------------


Derived Constraint Report
Review Timing Report for more details on the following derived constraints.
To create a Timing Report, run "trce -v 12 -fastpaths -o design_timing_report design.ncd design.pcf"
or "Run Timing Analysis" from Timing Analyzer (timingan).
Derived Constraints for TS_clk_fpga_1
+-------------------------------+-------------+-------------+-------------+-------------+-------------+-------------+-------------+
|                               |   Period    |       Actual Period       |      Timing Errors        |      Paths Analyzed       |
|           Constraint          | Requirement |-------------+-------------|-------------+-------------|-------------+-------------|
|                               |             |   Direct    | Derivative  |   Direct    | Derivative  |   Direct    | Derivative  |
+-------------------------------+-------------+-------------+-------------+-------------+-------------+-------------+-------------+
|TS_clk_fpga_1                  |      6.000ns|      5.980ns|      0.132ns|            0|            0|        51923|            1|
| TS_clock_generator_0_clock_gen|     97.655ns|      2.155ns|          N/A|            0|            0|            1|            0|
| erator_0_SIG_MMCM1_CLKOUT0    |             |             |             |             |             |             |             |
+-------------------------------+-------------+-------------+-------------+-------------+-------------+-------------+-------------+

Derived Constraints for TS_clk_fpga_2
+-------------------------------+-------------+-------------+-------------+-------------+-------------+-------------+-------------+
|                               |   Period    |       Actual Period       |      Timing Errors        |      Paths Analyzed       |
|           Constraint          | Requirement |-------------+-------------|-------------+-------------|-------------+-------------|
|                               |             |   Direct    | Derivative  |   Direct    | Derivative  |   Direct    | Derivative  |
+-------------------------------+-------------+-------------+-------------+-------------+-------------+-------------+-------------+
|TS_clk_fpga_2                  |      5.000ns|      2.800ns|      4.670ns|            0|            0|            0|        43725|
| TS_axi_clkgen_0_axi_clkgen_0_U|      6.735ns|      6.290ns|          N/A|            0|            0|        43725|            0|
| SER_LOGIC_I_i_clkgen_mmcm_clk_|             |             |             |             |             |             |             |
| s                             |             |             |             |             |             |             |             |
+-------------------------------+-------------+-------------+-------------+-------------+-------------+-------------+-------------+

All constraints were met.
INFO:Timing:2761 - N/A entries in the Constraints List may indicate that the 
   constraint is not analyzed due to the following: No paths covered by this 
   constraint; Other constraints intersect with this constraint; or This 
   constraint was disabled by a Path Tracing Control. Please run the Timespec 
   Interaction Report (TSI) via command line (trce tsi) or Timing Analyzer GUI.


Generating Pad Report.

All signals are completely routed.

WARNING:Par:283 - There are 24 loadless signals in this design. This design will cause Bitgen to issue DRC warnings.

Total REAL time to PAR completion: 59 secs 
Total CPU time to PAR completion: 1 mins 3 secs 

Peak Memory Usage:  1226 MB

Placer: Placement generated during map.
Routing: Completed - No errors found.
Timing: Completed - No errors found.

Number of error messages: 0
Number of warning messages: 26
Number of info messages: 1

Writing design to file system.ncd



PAR done!



#----------------------------------------------#
# Starting program post_par_trce
# trce -e 3 -xml system.twx system.ncd system.pcf 
#----------------------------------------------#
Release 14.7 - Trace  (lin64)
Copyright (c) 1995-2013 Xilinx, Inc.  All rights reserved.


PMSPEC -- Overriding Xilinx file
</opt/Xilinx/14.7/ISE_DS/EDK/zynq/data/zynq.acd> with local file
</opt/Xilinx/14.7/ISE_DS/ISE/zynq/data/zynq.acd>
Loading device for application Rf_Device from file '7z020.nph' in environment
/opt/Xilinx/14.7/ISE_DS/ISE/:/opt/Xilinx/14.7/ISE_DS/EDK.
   "system" is an NCD, version 3.2, device xc7z020, package clg484, speed -1
INFO:Timing:3386 - Intersecting Constraints found and resolved.  For more
   information, see the TSI report.  Please consult the Xilinx Command Line
   Tools User Guide for information on generating a TSI report.
--------------------------------------------------------------------------------
Release 14.7 Trace  (lin64)
Copyright (c) 1995-2013 Xilinx, Inc.  All rights reserved.

/opt/Xilinx/14.7/ISE_DS/ISE/bin/lin64/unwrapped/trce -e 3 -xml system.twx
system.ncd system.pcf


Design file:              system.ncd
Physical constraint file: system.pcf
Device,speed:             xc7z020,-1 (PRODUCTION 1.08 2013-10-13)
Report level:             error report
--------------------------------------------------------------------------------

INFO:Timing:3412 - To improve timing, see the Timing Closure User Guide (UG612).
INFO:Timing:2752 - To get complete path coverage, use the unconstrained paths option. All paths that are not constrained will be reported in
   the unconstrained paths section(s) of the report.
INFO:Timing:3339 - The clock-to-out numbers in this timing report are based on a 50 Ohm transmission line loading model.  For the details of
   this model, and for more information on accounting for different loading conditions, please see the device datasheet.


Timing summary:
---------------

Timing errors: 0  Score: 0 (Setup/Max: 0, Hold: 0)

Constraints cover 557659 paths, 0 nets, and 44777 connections

Design statistics:
   Minimum period:  10.334ns (Maximum frequency:  96.768MHz)


Analysis completed Wed Jan 30 16:15:35 2019
--------------------------------------------------------------------------------

Generating Report ...

Number of warnings: 0
Number of info messages: 4
Total time: 20 secs 


