16:23:40.424 INFO  - Processing command line option -hwspec /home/benedikt/hardware_project/ZedBoard_OOB_Design/hw/xps_proj/SDK/SDK_Export/hw/system.xml. 
16:34:31.704 INFO  - Invoking Bootgen:  
16:34:32.241 INFO  - Bootgen command execution is done. 
16:35:40.267 INFO  - Invoking Bootgen:  
16:35:40.794 INFO  - Bootgen command execution is done. 
11:13:09.572 INFO  - Processing command line option -hwspec /home/benedikt/git_repo/hardware_design/SDK/SDK_Export/hw/system.xml. 
11:13:11.189 INFO  - The hardware specification for project 'xps_proj_hw_platform' is different from /home/benedikt/git_repo/hardware_design/SDK/SDK_Export/hw/system.xml. 
11:13:11.495 INFO  - Copied contents of /home/benedikt/git_repo/hardware_design/SDK/SDK_Export/hw/system.xml into /xps_proj_hw_platform/system.xml. 
11:13:11.500 INFO  - Copied contents of /home/benedikt/git_repo/hardware_design/SDK/SDK_Export/hw/system.bit into /xps_proj_hw_platform/system.bit. 
11:13:11.504 INFO  - Copied contents of /home/benedikt/git_repo/hardware_design/SDK/SDK_Export/hw/ps7_init.c into /xps_proj_hw_platform/ps7_init.c. 
11:13:11.504 INFO  - Copied contents of /home/benedikt/git_repo/hardware_design/SDK/SDK_Export/hw/ps7_init.h into /xps_proj_hw_platform/ps7_init.h. 
11:13:11.506 INFO  - Copied contents of /home/benedikt/git_repo/hardware_design/SDK/SDK_Export/hw/ps7_init.html into /xps_proj_hw_platform/ps7_init.html. 
11:13:11.506 INFO  - Copied contents of /home/benedikt/git_repo/hardware_design/SDK/SDK_Export/hw/ps7_init.tcl into /xps_proj_hw_platform/ps7_init.tcl. 
11:13:11.834 INFO  - Synchronizing projects in the workspace with the hardware platform specification changes. 
11:13:14.127 INFO  - Updating hardware inferred compiler options for FSBL. 
11:13:14.146 INFO  - Clearing existing target manager status. 
11:13:15.317 INFO  - Copied contents of /home/benedikt/git_repo/hardware_design/SDK/SDK_Export/xps_proj_hw_platform/ps7_init.c into /FSBL/src/ps7_init.c. 
11:13:15.319 INFO  - Copied contents of /home/benedikt/git_repo/hardware_design/SDK/SDK_Export/xps_proj_hw_platform/ps7_init.h into /FSBL/src/ps7_init.h. 
11:13:15.321 INFO  - Copied contents of /home/benedikt/git_repo/hardware_design/SDK/SDK_Export/xps_proj_hw_platform/ps7_init.html into /FSBL/src/ps7_init.html. 
11:13:15.322 INFO  - Copied contents of /home/benedikt/git_repo/hardware_design/SDK/SDK_Export/xps_proj_hw_platform/ps7_init.tcl into /FSBL/src/ps7_init.tcl. 
11:13:21.765 INFO  - Invoking Bootgen:  
11:13:22.327 INFO  - Bootgen command execution is done. 
13:57:13.277 ERROR - Unexpected error while parsing XMD response ￿: com.google.gson.JsonSyntaxException: com.google.gson.stream.MalformedJsonException: invalid number or unquoted string near  
14:56:12.865 INFO  - Processing command line option -hwspec /home/benedikt/git_repo/hardware_design/SDK/SDK_Export/hw/system.xml. 
14:56:27.191 INFO  - Invoking Bootgen:  
14:56:27.772 INFO  - Bootgen command execution is done. 
15:11:49.337 INFO  - Processing command line option -hwspec /home/benedikt/git_repo/hardware_design/SDK/SDK_Export/hw/system.xml. 
15:12:05.382 INFO  - Invoking Bootgen:  
15:12:05.933 INFO  - Bootgen command execution is done. 
16:06:20.444 INFO  - Processing command line option -hwspec /home/benedikt/git_repo/hardware_design/SDK/SDK_Export/hw/system.xml. 
16:06:22.176 INFO  - The hardware specification for project 'xps_proj_hw_platform' is different from /home/benedikt/git_repo/hardware_design/SDK/SDK_Export/hw/system.xml. 
16:06:22.514 INFO  - Copied contents of /home/benedikt/git_repo/hardware_design/SDK/SDK_Export/hw/system.xml into /xps_proj_hw_platform/system.xml. 
16:06:22.520 INFO  - Copied contents of /home/benedikt/git_repo/hardware_design/SDK/SDK_Export/hw/system.bit into /xps_proj_hw_platform/system.bit. 
16:06:22.525 INFO  - Copied contents of /home/benedikt/git_repo/hardware_design/SDK/SDK_Export/hw/ps7_init.c into /xps_proj_hw_platform/ps7_init.c. 
16:06:22.525 INFO  - Copied contents of /home/benedikt/git_repo/hardware_design/SDK/SDK_Export/hw/ps7_init.h into /xps_proj_hw_platform/ps7_init.h. 
16:06:22.526 INFO  - Copied contents of /home/benedikt/git_repo/hardware_design/SDK/SDK_Export/hw/ps7_init.html into /xps_proj_hw_platform/ps7_init.html. 
16:06:22.527 INFO  - Copied contents of /home/benedikt/git_repo/hardware_design/SDK/SDK_Export/hw/ps7_init.tcl into /xps_proj_hw_platform/ps7_init.tcl. 
16:06:22.880 INFO  - Synchronizing projects in the workspace with the hardware platform specification changes. 
16:06:37.251 INFO  - Updating hardware inferred compiler options for FSBL. 
16:06:37.296 INFO  - Clearing existing target manager status. 
16:06:38.476 INFO  - Copied contents of /home/benedikt/git_repo/hardware_design/SDK/SDK_Export/xps_proj_hw_platform/ps7_init.c into /FSBL/src/ps7_init.c. 
16:06:38.478 INFO  - Copied contents of /home/benedikt/git_repo/hardware_design/SDK/SDK_Export/xps_proj_hw_platform/ps7_init.h into /FSBL/src/ps7_init.h. 
16:06:38.489 INFO  - Copied contents of /home/benedikt/git_repo/hardware_design/SDK/SDK_Export/xps_proj_hw_platform/ps7_init.html into /FSBL/src/ps7_init.html. 
16:06:38.490 INFO  - Copied contents of /home/benedikt/git_repo/hardware_design/SDK/SDK_Export/xps_proj_hw_platform/ps7_init.tcl into /FSBL/src/ps7_init.tcl. 
16:07:16.837 INFO  - Invoking Bootgen:  
16:07:17.390 INFO  - Bootgen command execution is done. 
16:30:18.244 ERROR - Unexpected error while parsing XMD response ￿: com.google.gson.JsonSyntaxException: com.google.gson.stream.MalformedJsonException: invalid number or unquoted string near  
16:30:35.736 INFO  - Processing command line option -hwspec /home/benedikt/git_repo/hardware_design/SDK/SDK_Export/hw/system.xml. 
16:30:54.781 INFO  - Invoking Bootgen:  
16:30:55.333 INFO  - Bootgen command execution is done. 
16:40:46.306 INFO  - Processing command line option -hwspec /home/benedikt/git_repo/hardware_design/SDK/SDK_Export/hw/system.xml. 
16:40:56.532 INFO  - Invoking Bootgen:  
16:40:57.075 INFO  - Bootgen command execution is done. 
17:04:50.584 INFO  - Processing command line option -hwspec /home/benedikt/git_repo/hardware_design/SDK/SDK_Export/hw/system.xml. 
17:05:08.375 INFO  - Invoking Bootgen:  
17:05:08.914 INFO  - Bootgen command execution is done. 
17:27:24.014 INFO  - Processing command line option -hwspec /home/benedikt/git_repo/hardware_design/SDK/SDK_Export/hw/system.xml. 
17:27:37.657 INFO  - Invoking Bootgen:  
17:27:38.195 INFO  - Bootgen command execution is done. 
17:51:40.516 INFO  - Processing command line option -hwspec /home/benedikt/git_repo/hardware_design/SDK/SDK_Export/hw/system.xml. 
17:51:57.399 INFO  - Invoking Bootgen:  
17:51:57.959 INFO  - Bootgen command execution is done. 
18:18:59.858 INFO  - Processing command line option -hwspec /home/benedikt/git_repo/hardware_design/SDK/SDK_Export/hw/system.xml. 
18:19:08.158 INFO  - Invoking Bootgen:  
18:19:08.723 INFO  - Bootgen command execution is done. 
18:46:04.094 INFO  - Processing command line option -hwspec /home/benedikt/git_repo/hardware_design/SDK/SDK_Export/hw/system.xml. 
18:46:24.880 INFO  - Invoking Bootgen:  
18:46:25.412 INFO  - Bootgen command execution is done. 
19:17:32.182 INFO  - Processing command line option -hwspec /home/benedikt/git_repo/hardware_design/SDK/SDK_Export/hw/system.xml. 
19:17:41.858 INFO  - Invoking Bootgen:  
19:17:42.424 INFO  - Bootgen command execution is done. 
19:28:43.987 INFO  - Processing command line option -hwspec /home/benedikt/git_repo/hardware_design/SDK/SDK_Export/hw/system.xml. 
19:28:59.694 INFO  - Invoking Bootgen:  
19:29:00.235 INFO  - Bootgen command execution is done. 
19:34:06.361 INFO  - Processing command line option -hwspec /home/benedikt/git_repo/hardware_design/SDK/SDK_Export/hw/system.xml. 
19:35:57.777 INFO  - Processing command line option -hwspec /home/benedikt/git_repo/hardware_design/SDK/SDK_Export/hw/system.xml. 
19:38:20.901 INFO  - Specified output file already exists 
19:38:22.907 INFO  - Invoking Bootgen:  
19:38:23.505 INFO  - Bootgen command execution is done. 
19:50:18.003 INFO  - Processing command line option -hwspec /home/benedikt/git_repo/hardware_design/SDK/SDK_Export/hw/system.xml. 
19:51:09.319 INFO  - Invoking Bootgen:  
19:51:09.910 INFO  - Bootgen command execution is done. 
